IDA	IDB	Score
YPL240C	C5_03000C_A	0.61
SPAC926.04c	YPR016C	0.702
C7_02030W_B	SPCC1739.13	0.779
YOR027W	SPAC27F1.02c	0.524
SPAC926.04c	YLR303W	0.674
SPAC926.04c	YJL190C	0.774
YMR186W	YKL035W	0.511
YMR186W	C6_01070C_A	0.586
YMR186W	C5_02270W_B	0.519
SPAC926.04c	YGL105W	0.641
C7_02030W_B	SPAC17G6.06	0.735
C7_02030W_B	YIL026C	0.568
SPAC926.04c	C4_00200C_A	0.824
YMR186W	SPBC1271.04c	0.65
C7_02030W_B	YOR230W	0.773
SPAC926.04c	C3_05100C_B	0.661
YKL117W	C5_03000C_A	0.579
C7_02030W_B	YOL109W	0.7
SPAC926.04c	C7_00520W_A	0.643
SPAC926.04c	CR_05050W_A	0.606
YMR186W	C5_03280W_B	0.729
YMR186W	YLL024C	0.774
C7_02030W_B	C1_08980C_B	0.535
C7_02030W_B	CR_05050W_A	0.525
YOR027W	SPAC8E11.02c	0.513
YPL240C	YMR116C	0.53
YPL240C	YLR044C	0.649
YKL117W	C2_03100W_A	0.565
C7_02030W_B	SPAC1687.06c	0.696
YMR186W	SPAC3H5.07	0.662
YKL117W	SPAC18G6.14c	0.528
YMR186W	C3_05850W_B	0.541
SPAC926.04c	C2_03010C_A	0.717
C7_02030W_B	YNL079C	0.769
YMR186W	YBR169C	0.714
SPAC926.04c	SPBC29A3.04	0.805
YMR186W	C2_10180W_B	0.549
YMR186W	C1_03510C_A	0.512
C7_02030W_B	SPCC18.18c	0.659
SPAC926.04c	SPAC23A1.11	0.775
YMR186W	YDL136W	0.582
C7_02030W_B	YLL018C	0.596
YKL117W	SPAC57A7.04c	0.548
C7_02030W_B	YER093C	0.715
YPL240C	C2_04030C_A	0.87
SPAC926.04c	YGR209C	0.539
YKL117W	SPCC364.07	0.512
C7_02030W_B	C1_02620C_B	0.629
SPAC926.04c	YKL180W	0.505
SPAC926.04c	SPBC21B10.10	0.747
SPAC926.04c	YJL052W	0.685
YOR027W	SPBC16D10.08c	0.583
YOR027W	YGL076C	0.569
YMR186W	YEL034W	0.739
SPAC926.04c	YDR353W	0.846
C7_02030W_B	YGR209C	0.555
YMR186W	SPBC19C2.07	0.643
YMR186W	C1_01530C_A	0.558
YMR186W	YJL068C	0.553
YOR027W	CR_07400C_B	0.59
C7_02030W_B	SPAC4A8.11c	0.631
YMR186W	YOR020C	0.501
C7_02030W_B	YGR254W	0.712
C7_02030W_B	C1_02460W_B	0.546
SPAC926.04c	YER055C	0.528
SPAC926.04c	YKL126W	0.65
SPAC926.04c	YMR105C	0.504
C7_02030W_B	C6_00650C_A	0.773
YMR186W	SPBC16C6.08c	0.605
SPAC926.04c	SPCPB16A4.03c	0.741
YKL117W	YJR139C	0.52
YOR027W	SPAC10F6.06	0.51
YKL117W	SPBC16H5.02	0.554
YOR027W	C1_12030W_B	0.523
C7_02030W_B	YMR083W	0.597
YMR186W	SPBC16D10.05	0.534
YMR186W	SPBC16A3.08c	0.68
SPAC926.04c	C1_04680W_A	0.697
YPL240C	SPAC6G9.09c	0.542
YMR186W	C1_00180W_A	0.533
YOR027W	C1_05720W_A	0.591
YMR186W	SPBC409.10	0.593
YMR186W	C5_02890W_A	0.582
YMR186W	CR_07400C_B	0.693
YOR027W	SPAC513.01c	0.592
YPL240C	CR_10370W_A	0.693
YMR186W	YHR099W	0.507
YOR027W	SPBC1709.02c	0.663
YKL117W	YMR186W	0.559
C7_02030W_B	SPBP8B7.25	0.738
C7_02030W_B	C1_01350C_A	0.782
C7_02030W_B	C4_02270C_A	0.779
YMR186W	YMR197C	0.602
C7_02030W_B	SPBC3E7.16c	0.644
YMR186W	C3_06870W_A	0.739
YMR186W	SPAP7G5.02c	0.523
C7_02030W_B	SPAC637.05c	0.576
SPAC926.04c	SPBC3E7.16c	0.593
C7_02030W_B	SPBC8D2.18c	0.822
SPAC926.04c	C3_04960W_B	0.655
YPL240C	C1_04610W_B	0.618
C7_02030W_B	SPBC685.06	0.784
C7_02030W_B	YGR180C	0.503
YMR186W	CR_10370W_A	0.687
YMR186W	C1_08500C_A	0.727
YMR186W	SPAC23D3.06c	0.532
C7_02030W_B	C5_02110W_A	0.673
YMR186W	SPBC337.14	0.569
SPAC926.04c	YKL067W	0.589
C7_02030W_B	SPBC56F2.12	0.724
YMR186W	SPAC3C7.05c	0.53
YOR027W	SPAC959.07	0.542
C7_02030W_B	SPBC24C6.04	0.599
SPAC926.04c	C5_05410C_A	0.655
YMR186W	C2_01120W_B	0.772
YMR186W	SPBC776.03	0.511
C7_02030W_B	C6_01610W_B	0.776
SPAC926.04c	YOR332W	0.536
YOR027W	CR_03720W_B	0.618
YMR186W	C1_12490W_B	0.534
YMR186W	C5_04920C_A	0.542
C7_02030W_B	C7_00990W_B	0.682
SPAC926.04c	YLR448W	0.632
YMR186W	C6_04520W_B	0.568
YKL117W	YLR355C	0.533
C7_02030W_B	SPAC926.09c	0.528
SPAC926.04c	CR_01330W_B	0.59
YPL240C	YDR502C	0.511
C7_02030W_B	SPAC4F8.14c	0.689
C7_02030W_B	YGL030W	0.773
YMR186W	SPAC1071.08	0.71
C7_02030W_B	C2_05610C_A	0.791
YMR186W	SPAC57A7.12	0.677
SPAC926.04c	YFR031C-A	0.716
YKL117W	SPAC12G12.04	0.681
SPAC926.04c	C3_00460W_B	0.525
YMR186W	C1_11450C_A	0.739
C7_02030W_B	YLR027C	0.637
SPAC926.04c	C3_04680W_B	0.785
YPL240C	SPAC9.09	0.587
YKL117W	SPAC4H3.10c	0.576
YMR186W	CR_01620C_A	0.647
YKL117W	SPAC23G3.12c	0.56
YMR186W	SPAC3A12.13c	0.552
SPAC926.04c	SPBC649.02	0.757
YPL240C	SPBC354.12	0.664
C7_02030W_B	SPAC17C9.03	0.625
YMR186W	YHR018C	0.653
YMR186W	C3_04080W_A	0.517
YKL117W	C2_01120W_B	0.512
YMR186W	YOL039W	0.719
C7_02030W_B	CR_04660C_A	0.54
SPAC926.04c	C5_00370W_A	0.721
C7_02030W_B	SPAC1071.08	0.811
C7_02030W_B	YDL229W	0.804
YMR186W	YDR382W	0.713
YMR186W	SPAC26A3.11	0.686
SPAC926.04c	SPBC16H5.02	0.798
YKL117W	YOL040C	0.66
YMR186W	SPCC14G10.04	0.537
YPL240C	SPAC1006.07	0.737
C7_02030W_B	SPBC409.10	0.53
SPAC926.04c	SPBP8B7.06	0.8
C7_02030W_B	SPCC622.12c	0.532
YMR186W	YBR085C-A	0.581
YMR186W	C7_00990W_B	0.539
YOR027W	SPBC1709.05	0.551
YMR186W	C1_01480C_B	0.507
YKL117W	SPAC20G4.06c	0.523
SPAC926.04c	YBR072W	0.807
YMR186W	YML126C	0.56
SPAC926.04c	C3_05370C_B	0.697
YMR186W	C2_08930W_B	0.508
SPAC926.04c	C1_04240C_A	0.748
YPL240C	C1_11450C_A	0.613
YMR186W	YJL052W	0.689
YMR186W	C1_00160C_B	0.569
YMR186W	C1_00490C_B	0.545
YKL117W	SPAC664.11	0.732
SPAC926.04c	YDR385W	0.782
YOR027W	YLR044C	0.505
C7_02030W_B	SPBC29A3.04	0.828
SPAC926.04c	SPBC9B6.10	0.542
YPL240C	YEL023C	0.502
YKL117W	C2_06150C_A	0.503
YMR186W	YHR208W	0.612
C7_02030W_B	SPAC513.07	0.557
C7_02030W_B	C5_02890W_A	0.577
SPAC926.04c	C2_08590W_A	0.697
YMR186W	C1_11330C_A	0.658
SPAC926.04c	C1_03110W_A	0.85
YMR186W	SPAC23C11.09	0.554
SPAC926.04c	YER043C	0.83
YPL240C	YPL131W	0.754
YMR186W	YLR441C	0.516
YMR186W	SPBC1778.06c	0.52
SPAC926.04c	C1_14090W_A	0.644
YOR027W	YDR304C	0.66
YMR186W	SPAC27F1.02c	0.659
YMR186W	SPAC9E9.09c	0.588
YMR186W	C6_04540C_A	0.541
YMR186W	YDR304C	0.513
YPL240C	YLR109W	0.513
YMR186W	YDR226W	0.524
YMR186W	YDR341C	0.501
YKL117W	SPBC1778.01c	0.549
SPAC926.04c	C1_04290C_B	0.835
YMR186W	YLR043C	0.547
YMR186W	YLL026W	0.702
YMR186W	CR_04090C_A	0.584
SPAC926.04c	YPL131W	0.684
YMR186W	SPAC6F6.07c	0.8
SPAC926.04c	YNL007C	0.58
SPAC926.04c	YGL031C	0.707
YMR186W	YML001W	0.574
C7_02030W_B	YER042W	0.606
YMR186W	C1_04240C_A	0.683
SPAC926.04c	YGL253W	0.686
C7_02030W_B	SPBC16C6.11	0.747
SPAC926.04c	YHL015W	0.688
YKL117W	C5_05050W_A	0.706
C7_02030W_B	C2_06820C_B	0.52
YPL240C	YGR254W	0.622
YMR186W	SPAC664.11	0.791
C7_02030W_B	YJR009C	0.539
YMR186W	YKL067W	0.58
YMR186W	YLR340W	0.574
SPAC926.04c	YDR258C	0.708
YKL117W	YJR099W	0.545
C7_02030W_B	SPBC19C2.07	0.683
C7_02030W_B	SPAP8A3.07c	0.526
YMR186W	C1_08030W_B	0.556
YOR027W	C1_01640W_B	0.596
YMR186W	SPAC513.07	0.538
YOR027W	C3_05200W_B	0.553
C7_02030W_B	C1_07630W_A	0.725
YPL240C	SPAC17A2.13c	0.811
YMR186W	CR_08360C_A	0.683
SPAC926.04c	C2_03270W_A	0.77
C7_02030W_B	YNL007C	0.532
SPAC926.04c	C2_02970C_B	0.734
YMR186W	SPBC29A3.04	0.849
C7_02030W_B	YGR282C	0.538
YMR186W	C7_01790C_A	0.572
YMR186W	C2_08370C_B	0.803
SPAC926.04c	SPCC1223.14	0.531
YMR186W	SPAPB17E12.13	0.619
C7_02030W_B	YAL003W	0.539
YMR186W	C1_05720W_A	0.589
SPAC926.04c	YOR285W	0.586
C7_02030W_B	YLR058C	0.578
YMR186W	YIL138C	0.575
SPAC926.04c	SPAC12G12.04	0.68
YOR027W	SPCC1672.02c	0.666
SPAC926.04c	C2_00960C_A	0.562
C7_02030W_B	SPBC25H2.07	0.657
YMR186W	YDR487C	0.571
SPAC926.04c	YER165W	0.683
YKL117W	C5_04270C_B	0.503
YMR186W	C1_14110C_A	0.725
C7_02030W_B	C3_06360C_B	0.53
YMR186W	SPCC1450.04	0.766
YOR027W	C7_00930W_A	0.537
SPAC926.04c	SPAC1565.08	0.739
SPAC926.04c	CR_08150W_B	0.693
YMR186W	SPAC6B12.15	0.655
SPAC926.04c	SPAC29A4.02c	0.637
YMR186W	CR_04660C_A	0.502
YPL240C	C5_04270C_B	0.683
C7_02030W_B	C1_04360C_A	0.568
YMR186W	SPBC428.11	0.553
C7_02030W_B	SPAC926.04c	0.674
YMR186W	C2_04030C_A	0.611
YMR186W	SPAPB2B4.05	0.516
C7_02030W_B	SPAC1D4.04	0.545
YOR027W	SPAC29B12.04	0.534
C7_02030W_B	C2_03100W_A	0.762
YMR186W	SPAC19B12.02c	0.591
C7_02030W_B	SPBC725.15	0.504
SPAC926.04c	SPBC776.11	0.768
YMR186W	C4_02320C_A	0.65
YOR027W	C1_13480W_A	0.518
SPAC926.04c	YOR230W	0.733
YMR186W	SPBC2F12.14c	0.673
YMR186W	YBR011C	0.646
C7_02030W_B	YKL152C	0.542
C7_02030W_B	YLL050C	0.654
SPAC926.04c	SPBC16C6.08c	0.669
SPAC926.04c	C3_04500C_A	0.77
YOR027W	C2_09430W_B	0.554
C7_02030W_B	SPBC1539.06	0.676
YMR186W	C1_03020C_B	0.752
SPAC926.04c	SPAC1F8.07c	0.747
C7_02030W_B	SPBC16D10.11c	0.816
SPAC926.04c	YOR020C	0.617
YMR186W	YLR259C	0.737
C7_02030W_B	C6_04540C_A	0.586
YMR186W	YMR083W	0.577
C7_02030W_B	YBR145W	0.649
YOR027W	C5_00370W_A	0.621
C7_02030W_B	C3_07440W_A	0.648
SPAC926.04c	SPCC16C4.10	0.511
YMR186W	YLR369W	0.703
YMR186W	YGL202W	0.592
YMR186W	YOL040C	0.636
SPAC926.04c	SPAC1002.18	0.587
YKL117W	SPBC27.08c	0.51
SPAC926.04c	SPAC25G10.06	0.625
C7_02030W_B	C1_08330C_B	0.585
YPL240C	SPBC1778.01c	0.75
SPAC926.04c	SPBC119.10	0.802
SPAC926.04c	C4_00160C_B	0.628
C7_02030W_B	YMR105C	0.509
YMR186W	YKL054C	0.621
YMR186W	C1_06460C_B	0.684
SPAC926.04c	EC9882	0.5
SPAC926.04c	C2_03100W_A	0.754
SPAC926.04c	C2_04030C_A	0.719
C7_02030W_B	SPAC6F12.10c	0.671
C7_02030W_B	YKL117W	0.697
SPAC926.04c	SPAC3H5.07	0.769
C7_02030W_B	YMR114C	0.505
YMR186W	YIL070C	0.55
YOR027W	YOL109W	0.502
YMR186W	C1_03510C_B	0.543
YKL117W	SPCC417.08	0.758
C7_02030W_B	SPAC30C2.04	0.661
YMR186W	YER081W	0.556
C7_02030W_B	C3_01490W_B	0.799
C7_02030W_B	C1_05720W_A	0.722
SPAC926.04c	C3_03910W_A	0.762
YMR186W	EC9968	0.551
YMR186W	YJL138C	0.706
C7_02030W_B	CR_03720W_B	0.537
YMR186W	SPBC1604.05	0.576
YPL240C	SPAC22A12.15c	0.611
YMR186W	YPL240C	0.665
SPAC926.04c	YNL160W	0.6
SPAC926.04c	C1_08330C_B	0.602
YPL240C	SPCC645.14c	0.555
SPAC926.04c	YPL061W	0.657
YMR186W	YGL253W	0.527
C7_02030W_B	C2_02520W_A	0.522
YMR186W	C4_02940W_B	0.539
C7_02030W_B	SPBC21B10.08c	0.536
YOR027W	CR_06150C_A	0.733
YKL117W	SPBC18H10.04c	0.555
C7_02030W_B	SPAC23A1.12c	0.514
SPAC926.04c	SPACUNK4.10	0.729
YMR186W	YJR039W	0.559
YMR186W	SPBC14F5.05c	0.776
C7_02030W_B	C1_13870W_A	0.512
SPAC926.04c	SPBP4H10.15	0.545
YMR186W	C1_06100C_A	0.693
YKL117W	YAL038W	0.535
C7_02030W_B	YHL001W	0.807
SPAC926.04c	YBR118W	0.773
SPAC926.04c	SPAC1556.07	0.788
YMR186W	SPCC18.14c	0.563
C7_02030W_B	YHR018C	0.541
YOR027W	YHR216W	0.626
YPL240C	C1_13480W_A	0.772
YMR186W	C5_02530W_B	0.52
YMR186W	C1_01640W_B	0.703
C7_02030W_B	SPBC32F12.11	0.671
YMR186W	YJR105W	0.519
C7_02030W_B	YBR031W	0.558
YMR186W	C1_01870C_A	0.593
YMR186W	C1_09190C_A	0.5
C7_02030W_B	C5_03000C_A	0.657
YOR027W	SPAC4F8.14c	0.564
YPL240C	SPBC29A3.04	0.691
YKL117W	YPR074C	0.507
YPL240C	YER103W	0.53
YMR186W	YBL099W	0.544
C7_02030W_B	C3_03910W_A	0.78
YMR186W	YMR114C	0.537
C7_02030W_B	C2_04230W_A	0.634
YMR186W	SPAC959.07	0.704
C7_02030W_B	YPL198W	0.695
YMR186W	SPAC521.05	0.758
YMR186W	SPBC3F6.03	0.7
C7_02030W_B	C4_06050W_A	0.551
YMR186W	EC9979	0.569
YPL240C	YNL301C	0.703
YPL240C	C3_06180C_A	0.773
YMR186W	C3_01490W_B	0.735
YMR186W	YNL239W	0.542
SPAC926.04c	YHR208W	0.559
YMR186W	SPBC16D10.11c	0.742
SPAC926.04c	SPAC644.15	0.649
YPL240C	C4_04900W_B	0.674
YMR186W	C1_02620C_B	0.592
YKL117W	YHL001W	0.704
C7_02030W_B	C1_11860W_A	0.535
YMR186W	SPCC576.09	0.641
C7_02030W_B	SPCC613.05c	0.813
YMR186W	C1_08690W_A	0.523
YMR186W	YNR001C	0.534
YPL240C	SPAC513.01c	0.798
YOR027W	C1_03020C_B	0.537
SPAC926.04c	SPBC4.06	0.555
C7_02030W_B	C1_02480W_A	0.74
SPAC926.04c	SPCC417.08	0.716
C7_02030W_B	SPBC1921.05	0.709
YMR186W	SPAC926.04c	0.629
C7_02030W_B	C2_05460W_B	0.807
C7_02030W_B	SPBC2F12.04	0.679
SPAC926.04c	C5_01580C_B	0.707
YMR186W	YBR072W	0.665
SPAC926.04c	C1_11030W_A	0.653
SPAC926.04c	C3_06360C_B	0.567
YMR186W	C7_02030W_B	0.655
C7_02030W_B	CR_10100C_B	0.82
YMR186W	SPAC57A10.10c	0.541
YKL117W	SPAC6B12.15	0.735
SPAC926.04c	C2_09060C_B	0.711
C7_02030W_B	SPBC18E5.06	0.785
YMR186W	YBR189W	0.504
SPAC926.04c	SPAC1002.19	0.806
YOR027W	C1_08980C_B	0.581
YMR186W	C4_00270W_B	0.772
SPAC926.04c	C1_13480W_A	0.724
YMR186W	C1_04400C_A	0.517
YMR186W	SPBC106.16	0.709
SPAC926.04c	C5_03000C_A	0.595
SPAC926.04c	EC9965	0.552
YMR186W	SPCC417.08	0.785
YMR186W	YCR053W	0.509
YMR186W	CR_10680W_A	0.568
YMR186W	C2_02520W_A	0.505
YMR186W	CR_08150W_B	0.584
YOR027W	C2_08370C_B	0.611
C7_02030W_B	C6_01700W_A	0.729
YMR186W	C1_13480W_A	0.826
C7_02030W_B	C2_09430W_B	0.754
YMR186W	C1_09640W_A	0.515
YMR186W	SPAC31G5.03	0.543
YPL240C	C4_06030W_A	0.709
YPL240C	C1_04300C_A	0.731
C7_02030W_B	SPBC2G2.04c	0.55
SPAC926.04c	YGR254W	0.687
SPAC926.04c	YLL026W	0.709
YOR027W	SPAC23H4.06	0.568
YKL117W	YBR181C	0.518
YMR186W	SPAC1805.13	0.829
YKL117W	SPAC513.01c	0.761
C7_02030W_B	SPAP7G5.04c	0.56
YMR186W	C3_02920W_A	0.5
YKL117W	SPBC14F5.04c	0.539
YMR186W	SPAC57A7.04c	0.725
SPAC926.04c	SPCC330.06c	0.527
C7_02030W_B	SPAC25G10.06	0.673
YMR186W	YLR172C	0.521
YKL117W	C2_04580W_B	0.634
C7_02030W_B	SPAC1486.01	0.618
C7_02030W_B	YDR251W	0.566
YMR186W	CR_04960C_B	0.601
C7_02030W_B	SPAC29B12.04	0.725
YMR186W	SPBC336.10c	0.786
C7_02030W_B	YKL054C	0.719
YOR027W	SPBC56F2.12	0.538
SPAC926.04c	C2_09430W_B	0.763
YMR186W	YOL038W	0.561
SPAC926.04c	C2_05710C_A	0.737
YMR186W	YGR086C	0.523
YOR027W	SPCPB16A4.03c	0.511
SPAC926.04c	SPBC336.10c	0.778
YMR186W	C3_04500C_A	0.682
SPAC926.04c	SPBC30D10.05c	0.638
C7_02030W_B	SPBC17A3.07	0.533
C7_02030W_B	SPAC22A12.11	0.723
YKL117W	YOR230W	0.556
SPAC926.04c	YNL014W	0.665
YOR027W	SPAC1B3.03c	0.531
YMR186W	YGR214W	0.7
SPAC926.04c	C4_06570C_B	0.739
SPAC926.04c	SPAC1805.13	0.783
C7_02030W_B	YGL253W	0.653
YKL117W	YLR069C	0.532
C7_02030W_B	C4_00160C_B	0.669
YMR186W	C1_07230W_A	0.52
YMR186W	C3_04140C_A	0.733
SPAC926.04c	CR_05780W_B	0.635
SPAC926.04c	C4_05220C_B	0.515
YKL117W	C2_02830C_A	0.62
YMR186W	C6_01970C_B	0.707
YMR186W	C2_03180C_A	0.591
SPAC926.04c	YOL039W	0.794
SPAC926.04c	C2_07260C_B	0.624
SPAC926.04c	C4_01750C_A	0.748
SPAC926.04c	C3_07310C_A	0.71
YOR027W	SPAC27E2.03c	0.641
YMR186W	YGL026C	0.552
C7_02030W_B	C1_04300C_A	0.78
YMR186W	YLR178C	0.6
SPAC926.04c	YOL127W	0.762
YMR186W	C4_04480C_A	0.566
C7_02030W_B	SPBC17G9.06c	0.503
C7_02030W_B	YMR186W	0.654
YOR027W	SPCC550.06c	0.661
YMR186W	SPBC365.13c	0.559
SPAC926.04c	SPBC1921.05	0.718
YMR186W	C4_03940C_A	0.603
SPAC926.04c	YDR513W	0.625
YMR186W	SPAC20G4.06c	0.656
SPAC926.04c	SPAC24H6.04	0.751
SPAC926.04c	C1_06460C_B	0.793
YMR186W	C2_08810C_A	0.702
C7_02030W_B	C4_06120W_A	0.566
YMR186W	YEL023C	0.686
YMR186W	CR_07010W_B	0.567
YMR186W	C2_05710C_A	0.575
YKL117W	C7_02030W_B	0.696
SPAC926.04c	YKL035W	0.68
YPL240C	CR_06490C_A	0.682
C7_02030W_B	SPBC11C11.07	0.664
C7_02030W_B	YJL190C	0.789
YMR186W	SPAC4F10.20	0.572
SPAC926.04c	YDR533C	0.628
YKL117W	C3_05370C_B	0.569
YPL240C	YBL075C	0.549
SPAC926.04c	C3_02610C_B	0.801
C7_02030W_B	CR_08090W_B	0.792
YMR186W	YMR173W	0.545
YPL240C	SPBC56F2.12	0.609
YMR186W	YOL151W	0.506
SPAC926.04c	SPAC926.09c	0.618
YPL240C	SPAC6B12.15	0.55
YPL240C	YBR109C	0.829
YMR186W	C1_05110C_A	0.683
C7_02030W_B	YLR109W	0.787
C7_02030W_B	YGR234W	0.531
YMR186W	YMR099C	0.51
C7_02030W_B	YKL085W	0.567
YMR186W	SPAP7G5.04c	0.523
C7_02030W_B	YPL061W	0.689
YMR186W	YHR203C	0.526
YOR027W	C3_04810C_B	0.561
SPAC926.04c	YCL040W	0.686
YMR186W	C4_04890C_B	0.612
YKL117W	C7_02810W_A	0.667
C7_02030W_B	SPAC521.05	0.752
C7_02030W_B	C2_08810C_A	0.77
C7_02030W_B	C5_01540W_A	0.515
YMR186W	SPCC31H12.03c	0.565
SPAC926.04c	C1_11650W_A	0.744
C7_02030W_B	YER091C	0.674
C7_02030W_B	SPCC645.14c	0.67
SPAC926.04c	YIL051C	0.57
YMR186W	C1_04610W_B	0.77
C7_02030W_B	C3_00900C_A	0.534
SPAC926.04c	YKL056C	0.733
C7_02030W_B	SPBC365.06	0.793
YPL240C	C5_05050W_A	0.767
C7_02030W_B	SPACUNK4.10	0.77
SPAC926.04c	SPBC1539.06	0.637
YOR027W	YJR121W	0.611
YMR186W	SPAC4F10.14c	0.786
YPL240C	C1_06100C_A	0.712
SPAC926.04c	SPBC3F6.03	0.785
C7_02030W_B	YOR369C	0.752
YOR027W	C4_01900C_A	0.558
C7_02030W_B	YFR031C-A	0.738
C7_02030W_B	YDR513W	0.524
C7_02030W_B	CR_03170W_B	0.628
SPAC926.04c	SPAC17A5.03	0.707
YMR186W	C1_12030W_B	0.604
SPAC926.04c	SPAC24H6.10c	0.709
C7_02030W_B	YKL180W	0.549
YMR186W	C1_06450C_B	0.667
YMR186W	SPAC24C9.12c	0.754
YMR186W	CR_08340W_A	0.554
C7_02030W_B	SPAC26H5.09c	0.534
SPAC926.04c	SPAC110.04c	0.685
C7_02030W_B	YDR487C	0.599
SPAC926.04c	YKL152C	0.638
SPAC926.04c	C7_03250C_A	0.774
C7_02030W_B	SPBC25H2.05	0.855
YMR186W	YLR249W	0.722
YPL240C	C7_02810W_A	0.656
C7_02030W_B	C1_11330C_A	0.7
C7_02030W_B	SPAP7G5.02c	0.549
YMR186W	SPAC24C9.08	0.528
YMR186W	C3_07150C_B	0.724
YMR186W	SPBC1778.01c	0.711
C7_02030W_B	YDR021W	0.722
C7_02030W_B	C3_07150C_B	0.809
YMR186W	C1_03370W_B	0.674
C7_02030W_B	YHL033C	0.808
SPAC926.04c	SPBC25H2.07	0.65
YKL117W	C3_05290C_B	0.525
YMR186W	SPAC821.10c	0.597
YPL240C	C6_00870C_A	0.646
YKL117W	YGR192C	0.51
SPAC926.04c	SPAC4F10.20	0.559
YOR027W	CR_08090W_B	0.74
YMR186W	C1_08490W_B	0.517
YOR027W	SPCC622.18	0.53
C7_02030W_B	C4_01700C_B	0.782
C7_02030W_B	C1_02590C_B	0.582
YMR186W	CR_06750C_A	0.548
SPAC926.04c	SPCC830.07c	0.684
C7_02030W_B	C3_06010W_A	0.694
SPAC926.04c	YER093C	0.697
YMR186W	C4_04700W_A	0.665
C7_02030W_B	C1_13050W_A	0.811
YPL240C	C4_06570C_B	0.5
YMR186W	SPAC9.09	0.687
SPAC926.04c	C1_13680C_A	0.715
SPAC926.04c	C4_02320C_A	0.626
YMR186W	CR_04550W_B	0.618
YPL240C	YDL229W	0.66
YMR186W	SPAC7D4.07c	0.801
YMR186W	C1_13050W_A	0.755
C7_02030W_B	SPCC1322.04	0.61
C7_02030W_B	SPBC2D10.12	0.551
C7_02030W_B	SPBC649.02	0.794
SPAC926.04c	SPAC7D4.07c	0.756
SPAC926.04c	C1_00220W_A	0.74
YOR027W	SPAC1002.09c	0.599
YMR186W	SPAC1B3.03c	0.631
YMR186W	YBR118W	0.766
YMR186W	YDL130W	0.578
YMR186W	YHR043C	0.534
C7_02030W_B	CR_01400W_B	0.63
C7_02030W_B	C4_02320C_A	0.632
YMR186W	SPAC26H5.10c	0.749
YMR186W	SPBC405.07	0.809
SPAC926.04c	C5_00190C_A	0.72
C7_02030W_B	C3_01630W_A	0.694
YMR186W	SPBC17G9.03c	0.695
SPAC926.04c	C4_02940W_B	0.678
C7_02030W_B	CR_08360C_A	0.786
YMR186W	SPAC22A12.16	0.645
YMR186W	SPCC550.10	0.559
YMR186W	CR_01400W_B	0.607
YPL240C	YLR249W	0.662
YMR186W	C1_08980C_B	0.503
YMR186W	YDR388W	0.514
YKL117W	SPCC622.12c	0.578
SPAC926.04c	C4_04890C_B	0.713
SPAC926.04c	SPAC27F1.02c	0.734
YMR186W	C4_05830W_A	0.509
YMR186W	SPBC16C6.13c	0.583
YKL117W	YDL229W	0.767
YKL117W	C2_03270W_A	0.57
SPAC926.04c	YGR256W	0.566
YKL117W	C3_07410C_A	0.717
YMR186W	YFR031C-A	0.76
C7_02030W_B	SPAC1F7.13c	0.721
C7_02030W_B	YDR099W	0.65
C7_02030W_B	SPBP4H10.15	0.605
YMR186W	SPBC800.05c	0.54
C7_02030W_B	C2_08810C_B	0.819
C7_02030W_B	SPBC106.16	0.802
YMR186W	YBL075C	0.904
YMR186W	C6_00750C_A	0.633
YMR186W	C6_01420C_B	0.506
YPL240C	YLL024C	0.561
YMR186W	YJL020C	0.558
C7_02030W_B	C1_04610W_B	0.749
C7_02030W_B	YPR074C	0.555
YMR186W	EC9965	0.551
C7_02030W_B	YOL039W	0.789
C7_02030W_B	SPAC24C9.12c	0.774
C7_02030W_B	C1_03030W_A	0.797
C7_02030W_B	C5_04270C_B	0.847
SPAC926.04c	SPAC1B3.03c	0.673
SPAC926.04c	YEL023C	0.693
YMR186W	YER094C	0.593
YKL117W	YJL130C	0.798
YPL240C	C6_01610W_B	0.762
YMR186W	C7_00490C_A	0.621
YMR186W	YHR008C	0.514
C7_02030W_B	C2_08590W_A	0.75
YMR186W	YBR109C	0.617
YMR186W	SPCC830.07c	0.605
YOR027W	YDL055C	0.535
YPL240C	SPAC1F7.13c	0.536
C7_02030W_B	CR_01330W_B	0.524
YPL240C	CR_08090W_B	0.779
SPAC926.04c	C1_06100C_A	0.762
C7_02030W_B	YLR448W	0.694
SPAC926.04c	C1_03220C_B	0.786
C7_02030W_B	YLR150W	0.505
YMR186W	YKL182W	0.668
C7_02030W_B	SPAC3H1.07	0.516
C7_02030W_B	C3_00460W_B	0.509
YMR186W	SPAP8A3.04c	0.63
YMR186W	C1_13860C_B	0.585
SPAC926.04c	C1_05680C_A	0.731
YMR186W	SPBC16D10.08c	0.614
C7_02030W_B	SPAC7D4.07c	0.778
C7_02030W_B	C7_00930W_A	0.702
YOR027W	SPAC1F8.07c	0.5
C7_02030W_B	C1_00920W_A	0.55
C7_02030W_B	YDL082W	0.722
YKL117W	C6_03350C_B	0.602
YPL240C	SPBC1271.04c	0.506
YOR027W	SPAC521.05	0.571
YOR027W	SPAC10F6.13c	0.541
SPAC926.04c	SPAC1486.01	0.579
SPAC926.04c	C1_04300C_B	0.746
C7_02030W_B	C1_03020C_B	0.814
SPAC926.04c	YJR121W	0.549
C7_02030W_B	SPAC1805.13	0.786
YOR027W	YPL028W	0.506
C7_02030W_B	SPAC664.04c	0.771
SPAC926.04c	YNL301C	0.749
C7_02030W_B	YOL058W	0.57
C7_02030W_B	EC9979	0.629
YMR186W	SPBC1711.06	0.805
YKL117W	C2_08370C_B	0.645
C7_02030W_B	C7_03390C_A	0.506
YOR027W	SPAC18G6.14c	0.547
SPAC926.04c	SPAC26F1.07	0.659
YKL117W	C3_02170C_B	0.761
C7_02030W_B	YGR155W	0.726
YKL117W	CR_09330C_B	0.5
YKL117W	CR_08090W_B	0.748
YOR027W	YER055C	0.659
C7_02030W_B	YDL185W	0.57
YMR186W	C4_06030W_A	0.69
SPAC926.04c	SPCC1795.04c	0.522
YMR186W	YKL060C	0.765
YMR186W	YJR009C	0.606
YOR027W	YBR196C	0.51
YMR186W	YHR064C	0.562
SPAC926.04c	YLR178C	0.733
C7_02030W_B	YJR105W	0.568
YMR186W	SPBC660.16	0.526
YMR186W	SPAC1002.19	0.708
C7_02030W_B	YLR259C	0.619
SPAC926.04c	SPAC513.01c	0.746
C7_02030W_B	C1_11450C_A	0.856
YMR186W	SPAC222.11	0.55
SPAC926.04c	YOL109W	0.666
SPAC926.04c	YML078W	0.591
C7_02030W_B	YIL138C	0.693
SPAC926.04c	YHR018C	0.515
SPAC926.04c	SPCC24B10.21	0.595
YPL240C	C2_07380W_B	0.602
YMR186W	YER042W	0.59
C7_02030W_B	SPBC2G5.05	0.522
YMR186W	SPBC18E5.06	0.75
C7_02030W_B	YNL239W	0.661
SPAC926.04c	C4_07180W_A	0.627
C7_02030W_B	SPCC830.07c	0.701
YOR027W	C1_08500C_A	0.53
YMR186W	SPBC21D10.12	0.517
SPAC926.04c	SPAC1F12.02c	0.743
YMR186W	EC9925	0.535
YPL240C	YOL127W	0.527
C7_02030W_B	YPR016C	0.738
YPL240C	C7_02030W_B	0.631
SPAC926.04c	YER177W	0.787
YMR186W	SPAC6G9.09c	0.764
SPAC926.04c	SPAC17A2.13c	0.606
YMR186W	SPBC354.12	0.683
C7_02030W_B	YJL153C	0.585
YKL117W	YJL020C	0.639
YMR186W	SPBC18H10.12c	0.702
SPAC926.04c	SPBC28F2.03	0.674
YMR186W	C6_02530C_B	0.542
SPAC926.04c	SPBC365.03c	0.506
YKL117W	SPAC23A1.10	0.732
SPAC926.04c	C1_05140W_A	0.534
YMR186W	C4_02870C_A	0.763
YMR186W	SPAC17G6.06	0.539
C7_02030W_B	YJL052W	0.687
YKL117W	C5_01580C_B	0.623
SPAC926.04c	YMR303C	0.596
YPL240C	C4_01520C_B	0.636
SPAC926.04c	YLR027C	0.588
YPL240C	C1_07630W_A	0.728
YMR186W	SPAC13A11.05	0.563
YKL117W	C3_01630W_A	0.857
YKL117W	C1_13480W_A	0.724
YMR186W	C7_01250W_A	0.573
C7_02030W_B	SPAC806.07	0.501
YMR186W	SPACUNK4.10	0.702
YMR186W	YAL005C	0.851
SPAC926.04c	SPAC25G10.05c	0.504
C7_02030W_B	YMR242C	0.773
YOR027W	SPBC17G9.03c	0.591
SPAC926.04c	CR_03500W_B	0.586
YMR186W	C3_06180C_A	0.808
YPL240C	C1_11650W_A	0.548
YMR186W	C1_02480W_A	0.604
C7_02030W_B	SPBC354.12	0.739
SPAC926.04c	YCL030C	0.77
C7_02030W_B	C5_01520C_B	0.564
SPAC926.04c	C1_11450C_A	0.755
YOR027W	SPAC1F5.02	0.511
SPAC926.04c	SPAC24C9.03	0.564
SPAC926.04c	SPAC1006.07	0.689
YPL240C	YDR021W	0.824
YOR027W	SPAC9E9.11	0.541
SPAC926.04c	C2_04600C_B	0.546
SPAC926.04c	YDL229W	0.814
YMR186W	YHR019C	0.549
SPAC926.04c	YKL060C	0.783
C7_02030W_B	YLL024C	0.782
YMR186W	C5_03070W_A	0.759
C7_02030W_B	YNL301C	0.77
C7_02030W_B	SPCC13B11.01	0.699
SPAC926.04c	SPBC8D2.18c	0.836
C7_02030W_B	SPBC16A3.08c	0.719
C7_02030W_B	YGR256W	0.559
C7_02030W_B	SPAC1F5.02	0.741
YMR186W	YNR043W	0.554
C7_02030W_B	SPCC364.07	0.717
C7_02030W_B	C3_02610C_B	0.839
SPAC926.04c	YEL030W	0.774
C7_02030W_B	SPBC14F5.05c	0.836
YMR186W	YDR502C	0.703
YMR186W	YPL106C	0.688
SPAC926.04c	SPAC17G6.06	0.648
C7_02030W_B	YNL064C	0.628
SPAC926.04c	C7_02030W_B	0.674
YMR186W	SPAC26H5.09c	0.576
YKL117W	YAL005C	0.671
YKL117W	SPBC1709.05	0.714
SPAC926.04c	SPAC664.04c	0.71
YMR186W	YOR265W	0.533
YMR186W	SPCC24B10.21	0.56
YMR186W	C1_13870W_A	0.588
YMR186W	SPAC1F5.02	0.745
YMR186W	CR_10350C_A	0.554
C7_02030W_B	YBR181C	0.803
YKL117W	C4_01270W_A	0.513
YKL117W	C7_03660C_A	0.838
C7_02030W_B	YNL134C	0.562
YMR186W	YCL040W	0.583
C7_02030W_B	C2_04600C_B	0.624
C7_02030W_B	YDR502C	0.835
YMR186W	SPBC30D10.17c	0.639
C7_02030W_B	C3_07310C_A	0.801
SPAC926.04c	YER081W	0.661
YMR186W	C5_03000C_A	0.638
SPAC926.04c	C1_04300C_A	0.732
YMR186W	C4_01700C_B	0.705
YPL240C	C4_02320C_A	0.539
YMR186W	SPBC8E4.04	0.503
YMR186W	YPL131W	0.605
YMR186W	SPBC3E7.16c	0.525
C7_02030W_B	YGL202W	0.513
SPAC926.04c	C6_03080C_A	0.749
YMR186W	SPBC215.05	0.663
YKL117W	C4_04340C_B	0.577
YMR186W	YMR303C	0.601
SPAC926.04c	YBR145W	0.628
YMR186W	C2_05250C_B	0.601
C7_02030W_B	YKL056C	0.795
SPAC926.04c	YHR183W	0.536
YOR027W	C6_00870C_A	0.503
C7_02030W_B	SPBC11G11.03	0.601
SPAC926.04c	YER091C	0.704
YMR186W	YBR181C	0.774
SPAC926.04c	SPAC17G8.06c	0.5
C7_02030W_B	SPAC23H4.09	0.569
YMR186W	C6_00970C_B	0.587
YPL240C	SPAC1F12.02c	0.643
SPAC926.04c	C4_00270W_B	0.707
SPAC926.04c	SPBC1711.06	0.721
SPAC926.04c	CR_10670W_B	0.625
YPL240C	SPAC26H5.10c	0.715
C7_02030W_B	YGL103W	0.525
YKL117W	SPAC29A4.02c	0.73
YMR186W	C1_04680W_A	0.761
SPAC926.04c	YGL256W	0.654
SPAC926.04c	C2_08810C_B	0.813
SPAC926.04c	YJR139C	0.634
SPAC926.04c	C7_02380C_A	0.581
YMR186W	SPAC1D4.04	0.515
YMR186W	YHR174W	0.569
YMR186W	SPBC342.02	0.505
C7_02030W_B	SPBC16D10.05	0.547
C7_02030W_B	SPAC959.07	0.754
C7_02030W_B	SPCC24B10.21	0.592
YMR186W	YOL086C	0.791
YMR186W	YJL190C	0.697
SPAC926.04c	YLL018C	0.559
C7_02030W_B	YCR012W	0.739
YKL117W	SPAC13G7.02c	0.693
YOR027W	SPBP8B7.25	0.645
SPAC926.04c	SPBC14F5.05c	0.852
C7_02030W_B	SPBP4G3.02	0.605
SPAC926.04c	CR_10370W_A	0.706
SPAC926.04c	C1_02620C_B	0.686
YMR186W	C7_03920C_B	0.565
YPL240C	YJR009C	0.546
YMR186W	YJL026W	0.52
C7_02030W_B	C3_05240C_A	0.77
YMR186W	YDR099W	0.517
SPAC926.04c	YEL034W	0.796
YMR186W	C3_02110W_A	0.748
C7_02030W_B	SPBC713.03	0.544
SPAC926.04c	C7_00960W_B	0.545
C7_02030W_B	YDR155C	0.527
C7_02030W_B	SPAC8E11.10	0.526
SPAC926.04c	SPBC685.06	0.7
YPL240C	YBR072W	0.616
C7_02030W_B	SPCC18.14c	0.67
SPAC926.04c	C6_01700W_A	0.785
SPAC926.04c	SPBC16A3.08c	0.704
C7_02030W_B	C1_10790W_A	0.81
SPAC926.04c	YDL136W	0.664
YMR186W	C2_06810C_B	0.738
SPAC926.04c	C1_01350C_A	0.79
YMR186W	C1_12540W_B	0.504
YOR027W	C3_02610C_B	0.52
YKL117W	SPAC3H5.07	0.523
YOR027W	SPBC28F2.03	0.529
YMR186W	YOR052C	0.529
C7_02030W_B	SPBC25D12.04	0.605
YKL117W	C4_04150C_A	0.526
C7_02030W_B	C1_13480W_A	0.792
SPAC926.04c	SPCC1450.04	0.819
C7_02030W_B	EC9968	0.628
YMR186W	YER165W	0.505
YMR186W	YJR109C	0.504
SPAC926.04c	SPAC26H5.10c	0.742
YPL240C	YGR192C	0.692
SPAC926.04c	C6_01610W_B	0.785
SPAC926.04c	CR_04510W_A	0.71
YMR186W	SPAC1565.08	0.562
YMR186W	SPAC3A12.18	0.541
SPAC926.04c	C1_04730C_B	0.637
C7_02030W_B	SPAC22E12.07	0.622
YMR186W	CR_00510C_B	0.584
SPAC926.04c	SPCC63.12c	0.739
YMR186W	C4_07110C_A	0.542
YMR186W	SPBC23G7.15c	0.701
C7_02030W_B	YLR227C	0.513
YOR027W	YMR105C	0.503
C7_02030W_B	YHR193C	0.69
YMR186W	SPAC10F6.13c	0.649
C7_02030W_B	CR_04090C_A	0.562
SPAC926.04c	CR_06340C_A	0.523
SPAC926.04c	YJL026W	0.606
SPAC926.04c	SPBC30D10.17c	0.719
SPAC926.04c	C2_10710W_B	0.548
YMR186W	YOL139C	0.581
C7_02030W_B	YGR214W	0.826
SPAC926.04c	YJL167W	0.705
C7_02030W_B	SPAC694.05c	0.546
YMR186W	YGR209C	0.539
YMR186W	YGL105W	0.556
YMR186W	YGL218W	0.585
YPL240C	C1_01350C_A	0.644
C7_02030W_B	C4_00140C_A	0.541
SPAC926.04c	YMR083W	0.587
YKL117W	SPAC343.16	0.6
SPAC926.04c	YBR011C	0.726
YMR186W	YLR179C	0.534
SPAC926.04c	SPBC2G2.04c	0.56
C7_02030W_B	CR_07010W_B	0.726
C7_02030W_B	SPBC1778.01c	0.749
YKL117W	C1_12490W_B	0.679
SPAC926.04c	CR_05160C_A	0.526
YMR186W	C2_09430W_B	0.801
YMR186W	C5_00190C_A	0.606
YOR027W	YKL056C	0.578
YMR186W	YDR032C	0.587
C7_02030W_B	YGR192C	0.738
YMR186W	C1_04200C_A	0.502
YMR186W	C3_06590W_B	0.51
YMR186W	C3_06920W_B	0.592
YMR186W	SPAC22A12.04c	0.79
C7_02030W_B	SPBC12C2.07c	0.515
YMR186W	C4_06570C_B	0.674
C7_02030W_B	SPAC57A7.04c	0.776
SPAC926.04c	SPBC1271.04c	0.778
C7_02030W_B	C2_05710C_A	0.759
YOR027W	YGR192C	0.503
C7_02030W_B	C4_04900W_B	0.768
SPAC926.04c	YER103W	0.807
C7_02030W_B	YOL086C	0.767
SPAC926.04c	YGL030W	0.747
YOR027W	YJL052W	0.506
YMR186W	YGL135W	0.64
YMR186W	SPAC26F1.07	0.502
SPAC926.04c	C2_06730W_A	0.716
YMR186W	YFL014W	0.59
C7_02030W_B	YDR353W	0.823
YKL117W	C1_08500C_A	0.549
YMR186W	YDR519W	0.51
YMR186W	SPAC1805.11c	0.516
C7_02030W_B	YKL103C	0.512
C7_02030W_B	YLR369W	0.714
SPAC926.04c	SPCC18.18c	0.628
YPL240C	C3_07310C_A	0.532
C7_02030W_B	YJR010W	0.774
YOR027W	YPL106C	0.503
YOR027W	SPAC4F10.20	0.515
SPAC926.04c	SPBC3B8.03	0.867
SPAC926.04c	SPAC4F10.14c	0.755
YMR186W	SPAC12G12.04	0.802
C7_02030W_B	C7_01250W_A	0.725
YOR027W	YLR354C	0.547
YOR027W	YDR385W	0.716
C7_02030W_B	YMR120C	0.501
SPAC926.04c	C7_01790C_A	0.563
YPL240C	C1_13050W_A	0.7
YMR186W	YHR179W	0.523
YPL240C	SPBC215.05	0.638
YMR186W	SPAC637.05c	0.534
YOR027W	SPCC830.07c	0.682
SPAC926.04c	C5_02890W_A	0.525
YMR186W	SPBC2F12.04	0.615
YMR186W	YJR104C	0.533
SPAC926.04c	SPAC1071.07c	0.7
YMR186W	C1_05630C_A	0.567
C7_02030W_B	C1_06460C_B	0.787
YMR186W	CR_00640W_B	0.507
SPAC926.04c	SPBC365.06	0.761
YMR186W	YDR243C	0.549
YMR186W	YOR230W	0.6
SPAC926.04c	C1_14290C_B	0.782
SPAC926.04c	SPBC1709.02c	0.525
C7_02030W_B	C1_05110C_A	0.754
SPAC926.04c	SPCC576.09	0.742
YKL117W	C3_05200W_B	0.524
YMR186W	SPCC613.05c	0.801
YMR186W	EC9882	0.546
YMR186W	C5_02170C_B	0.513
YMR186W	C1_00060W_A	0.567
SPAC926.04c	C1_03030W_A	0.761
SPAC926.04c	YMR242C	0.733
SPAC926.04c	YGR155W	0.685
YMR186W	C2_03090C_B	0.57
YPL240C	SPAC29A4.02c	0.757
SPAC926.04c	YBL027W	0.797
SPAC926.04c	SPBC12C2.07c	0.749
YMR186W	SPBC1685.13	0.51
SPAC926.04c	YPL231W	0.704
YMR186W	C4_02270C_A	0.613
C7_02030W_B	YNL160W	0.524
YPL240C	YDR158W	0.563
SPAC926.04c	SPBC1604.21c	0.636
YMR186W	C7_03660C_A	0.526
SPAC926.04c	C1_04610W_B	0.675
YMR186W	C3_01990W_B	0.609
YMR186W	EC9964	0.684
SPAC926.04c	SPAP7G5.04c	0.523
C7_02030W_B	YDR510W	0.726
YPL240C	SPAC23A1.10	0.721
SPAC926.04c	C2_06820C_B	0.536
C7_02030W_B	C7_00520W_A	0.661
SPAC926.04c	C6_04540C_A	0.634
C7_02030W_B	SPAC1002.17c	0.505
YMR186W	C1_14090W_A	0.548
YPL240C	C1_02880C_A	0.581
YOR027W	YML028W	0.503
C7_02030W_B	SPCC1020.06c	0.609
YMR186W	YMR233W	0.545
SPAC926.04c	C6_01970C_B	0.77
YMR186W	YOL127W	0.706
SPAC926.04c	YAL003W	0.505
YPL240C	YPL231W	0.821
C7_02030W_B	SPBC83.02c	0.669
SPAC926.04c	YDR050C	0.525
YKL117W	YLR249W	0.55
C7_02030W_B	SPBC9B6.10	0.525
YMR186W	YAR015W	0.515
SPAC926.04c	SPAC521.05	0.702
YOR027W	YGL106W	0.661
YMR186W	YJL088W	0.507
YPL240C	C3_05370C_B	0.727
YPL240C	YLR259C	0.723
YMR186W	SPBC2G2.04c	0.59
YMR186W	YDL124W	0.571
C7_02030W_B	C3_05370C_B	0.678
SPAC926.04c	CR_06760C_A	0.805
YMR186W	SPBC27.08c	0.714
YMR186W	YNL064C	0.811
YMR186W	YOR335C	0.5
C7_02030W_B	YLR192C	0.556
SPAC926.04c	SPCC31H12.03c	0.726
SPAC926.04c	C6_02730W_B	0.659
C7_02030W_B	SPAC17A5.03	0.76
YPL240C	C3_04140C_A	0.68
YOR027W	SPBC2F12.14c	0.665
YKL117W	YEL030W	0.502
C7_02030W_B	SPBC27.08c	0.807
SPAC926.04c	C3_07440W_A	0.73
SPAC926.04c	SPBC428.02c	0.56
SPAC926.04c	SPBC18E5.06	0.748
YMR186W	C4_02340W_B	0.561
SPAC926.04c	YOL040C	0.761
C7_02030W_B	C1_03220C_B	0.821
YMR186W	C4_04390W_B	0.651
YMR186W	CR_04510W_A	0.52
YMR186W	YBL076C	0.513
SPAC926.04c	CR_04090C_A	0.582
SPAC926.04c	SPAC26F1.06	0.616
SPAC926.04c	C3_04140C_A	0.76
C7_02030W_B	CR_08150W_B	0.732
YMR186W	C2_06390C_A	0.511
C7_02030W_B	SPAC6G9.09c	0.748
YMR186W	CR_06490C_A	0.751
C7_02030W_B	YLL026W	0.679
SPAC926.04c	SPAC57A7.04c	0.71
YPL240C	SPAC926.04c	0.662
C7_02030W_B	SPBC336.10c	0.818
YMR186W	SPBC649.02	0.669
C7_02030W_B	C5_01910W_A	0.55
C7_02030W_B	SPAC23C11.05	0.503
SPAC926.04c	C3_07410C_A	0.759
YPL240C	C3_06870W_A	0.741
SPAC926.04c	YKL001C	0.537
YMR186W	YCR088W	0.594
YKL117W	YIL115C	0.54
SPAC926.04c	YHR174W	0.684
C7_02030W_B	C2_05250C_B	0.533
YOR027W	YOR375C	0.75
YMR186W	YEL030W	0.739
YMR186W	SPBC2D10.12	0.539
YMR186W	YDL231C	0.5
C7_02030W_B	C2_01120W_B	0.806
C7_02030W_B	C4_00270W_B	0.787
C7_02030W_B	SPAC23A1.11	0.73
YMR186W	C3_05240C_A	0.693
SPAC926.04c	YDR099W	0.698
C7_02030W_B	YOL154W	0.573
SPAC926.04c	YJR045C	0.791
YMR186W	YAR042W	0.592
C7_02030W_B	C1_13680C_A	0.699
YMR186W	C5_05050W_A	0.85
YMR186W	C2_04230W_A	0.67
YPL240C	C1_03110W_A	0.634
YMR186W	SPAC13C5.01c	0.54
C7_02030W_B	SPAC5H10.03	0.549
SPAC926.04c	SPBC2F12.04	0.697
YMR186W	C2_05160C_A	0.564
YMR186W	C2_08810C_B	0.754
C7_02030W_B	C7_03670W_B	0.512
SPAC926.04c	SPBC106.16	0.742
SPAC926.04c	SPBC25H2.05	0.754
C7_02030W_B	C3_06870W_A	0.763
C7_02030W_B	SPAC27F1.02c	0.805
YMR186W	YLR044C	0.76
SPAC926.04c	SPCC1739.13	0.674
YMR186W	C4_01750C_A	0.708
YPL240C	C2_05610C_A	0.514
YMR186W	SPAC17A5.03	0.665
YMR186W	C2_06730W_A	0.626
YOR027W	C5_05050W_A	0.643
C7_02030W_B	C7_01790C_A	0.713
C7_02030W_B	YER081W	0.554
C7_02030W_B	SPAPB17E12.13	0.722
YMR186W	YEL026W	0.522
C7_02030W_B	C1_12490W_B	0.676
SPAC926.04c	SPBC409.10	0.502
C7_02030W_B	C3_05200W_B	0.819
C7_02030W_B	C5_00370W_A	0.686
SPAC926.04c	SPBC776.03	0.543
YPL240C	SPBC1709.05	0.775
SPAC926.04c	SPAC23C11.05	0.532
SPAC926.04c	C1_03370W_B	0.773
SPAC926.04c	C3_00900C_A	0.508
C7_02030W_B	CR_03500W_B	0.555
C7_02030W_B	SPAC1002.19	0.836
C7_02030W_B	SPAP8A3.04c	0.674
YOR027W	C2_03100W_A	0.571
YKL117W	YMR105C	0.523
SPAC926.04c	YHR179W	0.657
C7_02030W_B	C4_01900C_A	0.576
C7_02030W_B	YBR196C	0.535
YMR186W	YCL050C	0.519
C7_02030W_B	SPCC1450.04	0.794
YMR186W	YER177W	0.674
C7_02030W_B	SPAC17G8.06c	0.564
YMR186W	SPAC4F8.14c	0.674
YMR186W	YFL039C	0.502
YOR027W	SPBC29A3.04	0.519
YMR186W	YPL061W	0.574
YMR186W	YML106W	0.548
C7_02030W_B	YIL051C	0.635
C7_02030W_B	CR_05390W_A	0.518
SPAC926.04c	C3_00880W_B	0.658
YOR027W	SPAC664.11	0.67
YPL240C	SPBC1685.02c	0.525
YMR186W	YJR045C	0.718
YMR186W	SPBC2F12.05c	0.546
SPAC926.04c	SPBC405.01	0.578
SPAC926.04c	CR_06750C_A	0.53
YMR186W	YDR452W	0.563
YOR027W	YJL080C	0.572
YMR186W	C4_02410C_A	0.706
C7_02030W_B	C7_03250C_A	0.792
YMR186W	SPBC16H5.02	0.653
SPAC926.04c	SPAC959.07	0.687
YMR186W	SPBC14F5.04c	0.651
YMR186W	YBR089C-A	0.691
YPL240C	YKL126W	0.866
SPAC926.04c	YBR169C	0.763
YMR186W	C1_13680C_A	0.621
C7_02030W_B	C1_13860C_B	0.745
SPAC926.04c	SPBC17G9.03c	0.755
SPAC926.04c	C4_06030W_A	0.683
YMR186W	SPAC8E11.02c	0.706
SPAC926.04c	CR_03720W_B	0.65
C7_02030W_B	YKL035W	0.527
YMR186W	CR_07150W_B	0.53
C7_02030W_B	SPAC13G6.07c	0.776
YMR186W	SPCC285.05	0.507
YKL117W	C1_05680C_A	0.769
SPAC926.04c	C1_07890C_B	0.529
SPAC926.04c	C1_05110C_A	0.72
C7_02030W_B	YOR332W	0.553
SPAC926.04c	SPAC4F8.07c	0.674
YPL240C	YDL082W	0.547
YPL240C	SPAC1F5.02	0.76
SPAC926.04c	YPL106C	0.731
YMR186W	SPAC17A2.13c	0.533
YPL240C	SPAC959.07	0.571
C7_02030W_B	YML028W	0.776
SPAC926.04c	YJR109C	0.532
YOR027W	C7_02030W_B	0.521
YPL240C	SPBC14F5.04c	0.675
C7_02030W_B	YJR104C	0.509
C7_02030W_B	YLR351C	0.518
YMR186W	YGL242C	0.502
C7_02030W_B	C3_00090W_A	0.77
C7_02030W_B	CR_05780W_B	0.665
YMR186W	SPAC22A12.11	0.582
SPAC926.04c	YPL154C	0.709
YPL240C	SPAC4H3.10c	0.578
C7_02030W_B	YDL124W	0.569
C7_02030W_B	C2_07380W_B	0.792
C7_02030W_B	C3_05100C_B	0.694
SPAC926.04c	C4_04700W_A	0.696
C7_02030W_B	SPAC750.08c	0.523
YMR186W	YMR068W	0.612
YPL240C	C3_07150C_B	0.533
SPAC926.04c	YGL076C	0.613
SPAC926.04c	C1_02710W_B	0.511
C7_02030W_B	C1_08320W_A	0.591
C7_02030W_B	SPBC17G9.03c	0.754
YPL240C	CR_07400C_B	0.655
SPAC926.04c	SPAC17A5.15c	0.584
C7_02030W_B	SPAC10F6.01c	0.559
YPL240C	C1_01640W_B	0.553
C7_02030W_B	SPCC962.04	0.704
C7_02030W_B	C4_02410C_A	0.807
YOR027W	C2_05610C_A	0.516
SPAC926.04c	YLL050C	0.686
C7_02030W_B	SPAC24H6.04	0.527
YMR186W	SPAC664.05	0.792
SPAC926.04c	SPAC3A12.10	0.748
YMR186W	YLR192C	0.579
YMR186W	C4_07180W_A	0.517
SPAC926.04c	SPCC364.07	0.701
YPL240C	C4_06120W_A	0.516
SPAC926.04c	SPBC428.11	0.711
YMR186W	SPBC17G9.06c	0.523
YPL240C	C2_01120W_B	0.66
YMR186W	SPCC1739.13	0.747
SPAC926.04c	YBR181C	0.758
C7_02030W_B	C5_03280W_B	0.774
C7_02030W_B	C2_04310W_A	0.544
SPAC926.04c	C2_08370C_B	0.723
YMR186W	C3_06360C_B	0.512
YOR027W	SPAC57A7.04c	0.551
C7_02030W_B	CR_06490C_A	0.713
SPAC926.04c	C1_10790W_A	0.786
C7_02030W_B	C4_05830W_A	0.51
C7_02030W_B	SPBC428.02c	0.623
C7_02030W_B	YGR087C	0.73
YMR186W	SPAC5H10.10	0.582
SPAC926.04c	SPAC6F12.10c	0.68
SPAC926.04c	YCL050C	0.676
C7_02030W_B	YKL126W	0.674
SPAC926.04c	SPAC24C9.12c	0.724
C7_02030W_B	YHR183W	0.563
SPAC926.04c	YLR061W	0.698
SPAC926.04c	C1_08320W_A	0.622
C7_02030W_B	EC9930	0.618
C7_02030W_B	SPBC14F5.04c	0.72
C7_02030W_B	YJL138C	0.749
C7_02030W_B	YCL040W	0.655
C7_02030W_B	SPCC622.18	0.744
SPAC926.04c	SPAC9E9.09c	0.656
C7_02030W_B	C1_06100C_A	0.78
YMR186W	EC9930	0.63
SPAC926.04c	SPAP8A3.04c	0.637
YPL240C	YEL034W	0.54
SPAC926.04c	SPCC18.14c	0.691
SPAC926.04c	SPAC22E12.07	0.601
C7_02030W_B	YBR072W	0.848
YPL240C	SPAC10F6.06	0.533
C7_02030W_B	YLR354C	0.613
SPAC926.04c	SPAC3H1.07	0.691
YMR186W	SPBC4.06	0.556
C7_02030W_B	YCR088W	0.563
YMR186W	C1_01350C_A	0.811
C7_02030W_B	C1_04400C_A	0.719
C7_02030W_B	SPAC24H6.10c	0.684
YMR186W	C3_04680W_B	0.699
YMR186W	SPAC664.04c	0.696
YOR027W	SPCC1020.06c	0.517
SPAC926.04c	YHR216W	0.583
SPAC926.04c	SPAC4F8.14c	0.68
C7_02030W_B	SPBC1709.02c	0.52
YKL117W	C1_03370W_B	0.637
C7_02030W_B	SPAC27E2.03c	0.524
YMR186W	C7_03250C_A	0.713
SPAC926.04c	C4_00140C_A	0.669
YMR186W	SPAC750.08c	0.521
C7_02030W_B	YLR178C	0.776
C7_02030W_B	C1_04730C_B	0.642
C7_02030W_B	C6_03080C_A	0.779
YMR186W	C6_00910C_A	0.545
SPAC926.04c	C5_05050W_A	0.769
SPAC926.04c	YGR282C	0.5
YMR186W	C3_00880W_B	0.513
YMR186W	SPBC3B8.03	0.702
SPAC926.04c	C2_05410W_B	0.59
C7_02030W_B	SPCC645.08c	0.735
YOR027W	SPAC750.08c	0.512
YMR186W	YKL142W	0.689
SPAC926.04c	SPAC9E9.11	0.53
C7_02030W_B	YBR089C-A	0.743
YPL240C	SPAC110.04c	0.682
C7_02030W_B	SPBC28F2.03	0.526
SPAC926.04c	C5_02110W_A	0.646
C7_02030W_B	SPBC776.11	0.791
SPAC926.04c	YNL064C	0.591
YMR186W	YDR385W	0.78
SPAC926.04c	SPBC215.09c	0.633
YMR186W	SPAC6F12.10c	0.536
SPAC926.04c	YHR064C	0.725
YMR186W	C2_10350C_B	0.534
YPL240C	SPCC1919.09	0.546
C7_02030W_B	SPAC1556.07	0.827
YMR186W	SPBC215.09c	0.611
YMR186W	C2_03270W_A	0.733
YMR186W	SPAP32A8.02	0.568
SPAC926.04c	SPBC16D10.09	0.534
YMR186W	SPCC63.12c	0.621
C7_02030W_B	YNR043W	0.517
YPL240C	YJL138C	0.742
C7_02030W_B	YHR203C	0.581
YMR186W	C6_01700W_A	0.764
YOR027W	C3_06870W_A	0.54
YMR186W	C1_04290C_B	0.769
YMR186W	YBR145W	0.538
YMR186W	SPBC119.10	0.685
C7_02030W_B	C1_05560W_B	0.582
C7_02030W_B	C6_00750C_A	0.702
C7_02030W_B	C6_03760C_B	0.698
C7_02030W_B	SPBC1773.10c	0.711
SPAC926.04c	SPAC521.03	0.566
YPL240C	C2_08810C_B	0.617
SPAC926.04c	SPAC664.11	0.722
SPAC926.04c	SPAC30C2.04	0.676
C7_02030W_B	CR_04510W_A	0.715
C7_02030W_B	SPBC839.05c	0.769
C7_02030W_B	C2_05890C_B	0.544
YMR186W	YKL085W	0.512
SPAC926.04c	YLR351C	0.5
SPAC926.04c	YDR021W	0.722
YMR186W	YLR134W	0.573
YKL117W	C6_02730W_B	0.756
C7_02030W_B	SPAC22H12.04c	0.504
C7_02030W_B	SPAC328.10c	0.527
YKL117W	C3_06180C_A	0.541
C7_02030W_B	SPAC8E11.02c	0.648
YPL240C	YKL054C	0.77
YMR186W	C1_02710W_B	0.686
SPAC926.04c	C1_13860C_B	0.743
SPAC926.04c	C7_00750W_B	0.5
YMR186W	C1_11030W_A	0.795
C7_02030W_B	C2_01820C_A	0.52
C7_02030W_B	SPAC4F8.07c	0.655
YMR186W	SPAC24H6.10c	0.696
SPAC926.04c	YLR249W	0.724
SPAC926.04c	C1_12030W_B	0.742
C7_02030W_B	SPCC31H12.04c	0.775
YPL240C	C1_04170C_B	0.529
C7_02030W_B	SPBC1685.02c	0.788
YPL240C	YKL056C	0.519
C7_02030W_B	C1_13700W_A	0.703
YPL240C	YAL005C	0.728
C7_02030W_B	C2_02370C_A	0.554
SPAC926.04c	SPAC1D4.04	0.516
YMR186W	YPL222W	0.556
YOR027W	CR_03090C_B	0.634
SPAC926.04c	C3_04810C_B	0.621
C7_02030W_B	SPBC106.18	0.755
SPAC926.04c	C3_06010W_A	0.63
C7_02030W_B	C3_04680W_B	0.796
YMR186W	C1_11450C_B	0.512
SPAC926.04c	C1_06900C_B	0.547
C7_02030W_B	YHL015W	0.726
C7_02030W_B	YPR181C	0.55
C7_02030W_B	SPAC6F6.07c	0.773
YPL240C	CR_10100C_B	0.507
YPL240C	SPBC1815.01	0.605
YMR186W	CR_08460W_B	0.763
C7_02030W_B	YIL053W	0.539
YMR186W	C1_04300C_B	0.743
SPAC926.04c	CR_10100C_B	0.785
SPAC926.04c	C7_03180C_A	0.622
YMR186W	SPBC776.11	0.784
C7_02030W_B	SPAC1071.07c	0.656
C7_02030W_B	SPAC20G4.06c	0.641
SPAC926.04c	C1_04360C_A	0.586
C7_02030W_B	C6_00870C_A	0.831
C7_02030W_B	SPBC1105.02c	0.672
YMR186W	YNL016W	0.524
YMR186W	YER093C	0.661
YMR186W	C1_11650W_A	0.706
YKL117W	C3_06870W_A	0.54
YPL240C	SPBC14F5.05c	0.553
SPAC926.04c	CR_01620C_A	0.787
C7_02030W_B	C7_03180C_A	0.625
YMR186W	SPAC11E3.15	0.697
SPAC926.04c	SPAC8E11.02c	0.698
YMR186W	SPAC4A8.11c	0.539
YMR186W	YGR094W	0.53
YMR186W	C5_03790W_A	0.552
SPAC926.04c	SPBC2D10.12	0.528
SPAC926.04c	C1_01640W_B	0.722
C7_02030W_B	SPBC30D10.17c	0.728
C7_02030W_B	C4_01270W_A	0.717
YMR186W	SPBC8D2.06	0.56
YPL240C	C4_00270W_B	0.721
YMR186W	YGL245W	0.596
SPAC926.04c	CR_07710W_A	0.781
C7_02030W_B	YPL171C	0.565
C7_02030W_B	SPAC22A12.15c	0.801
SPAC926.04c	SPAC31G5.03	0.721
C7_02030W_B	SPBC1604.05	0.676
YMR186W	C5_04270C_B	0.881
C7_02030W_B	YBR011C	0.751
SPAC926.04c	SPAC589.10c	0.509
C7_02030W_B	YPL106C	0.747
YMR186W	YHL033C	0.791
YOR027W	YDL229W	0.537
SPAC926.04c	YBL072C	0.659
YMR186W	SPAC11D3.14c	0.593
C7_02030W_B	SPAC23G3.12c	0.549
YMR186W	SPBC1709.05	0.839
SPAC926.04c	C4_01520C_B	0.774
YPL240C	SPCC962.04	0.715
YMR186W	SPAC23A1.11	0.539
SPAC926.04c	SPAC57A7.12	0.772
C7_02030W_B	YMR038C	0.85
YMR186W	YJR051W	0.512
YMR186W	SPAC25G10.06	0.666
C7_02030W_B	YKL142W	0.733
C7_02030W_B	SPBC3B8.03	0.78
SPAC926.04c	C3_02110W_A	0.712
SPAC926.04c	SPAC1F7.13c	0.675
YPL240C	SPAC631.01c	0.591
YKL117W	YLR304C	0.602
C7_02030W_B	YKL001C	0.582
C7_02030W_B	C1_08740C_B	0.567
YMR186W	C1_03220C_B	0.78
YMR186W	C4_05540W_A	0.569
YMR186W	C2_04600C_B	0.502
SPAC926.04c	SPBC1778.01c	0.715
C7_02030W_B	C1_04300C_B	0.731
YMR186W	SPAC26A3.07c	0.74
YMR186W	SPAC3A12.14	0.696
C7_02030W_B	CR_07710W_A	0.697
C7_02030W_B	C1_05680C_A	0.662
SPAC926.04c	CR_05790C_A	0.524
C7_02030W_B	SPBC119.10	0.754
C7_02030W_B	YEL030W	0.808
C7_02030W_B	CR_03090C_B	0.533
YPL240C	C6_00750C_A	0.513
C7_02030W_B	C4_01520C_B	0.741
C7_02030W_B	YER043C	0.883
YMR186W	YLR355C	0.616
C7_02030W_B	C4_05690W_A	0.58
C7_02030W_B	YDR258C	0.716
C7_02030W_B	SPCPB16A4.03c	0.719
C7_02030W_B	YPL231W	0.74
SPAC926.04c	SPBC23G7.15c	0.766
YKL117W	YCL030C	0.617
YPL240C	YKL182W	0.749
C7_02030W_B	YKL067W	0.624
YMR186W	SPAPB1A10.13	0.519
YMR186W	YGR254W	0.685
YPL240C	SPAC3H5.07	0.606
C7_02030W_B	YER177W	0.783
YMR186W	C3_06010W_A	0.757
C7_02030W_B	CR_10370W_A	0.748
YMR186W	YER043C	0.725
YMR186W	SPBC365.11	0.516
YPL240C	C7_01790C_A	0.556
SPAC926.04c	YLR044C	0.773
YMR186W	SPAC1F7.13c	0.76
YPL240C	SPBC27.08c	0.525
C7_02030W_B	YLR340W	0.573
C7_02030W_B	C1_09630W_B	0.578
YPL240C	YER043C	0.553
SPAC926.04c	SPCC962.04	0.73
SPAC926.04c	SPCC1322.04	0.513
C7_02030W_B	SPCC63.14	0.568
C7_02030W_B	C3_03520C_A	0.528
SPAC926.04c	YMR116C	0.737
C7_02030W_B	C1_11030W_A	0.807
YMR186W	YDR158W	0.549
YMR186W	C3_02610C_B	0.696
C7_02030W_B	YDL136W	0.698
YMR186W	C7_02810W_A	0.738
YMR186W	SPAC9E9.03	0.561
YOR027W	SPAC29A4.02c	0.54
C7_02030W_B	YKL127W	0.596
YOR027W	YLL026W	0.53
SPAC926.04c	SPAPB17E12.13	0.722
YMR186W	YDR021W	0.653
SPAC926.04c	SPBC19C7.06	0.565
YMR186W	CR_02130W_B	0.534
SPAC926.04c	SPAC57A10.10c	0.732
YKL117W	YDR129C	0.806
YPL240C	C6_01970C_B	0.547
YMR186W	CR_08090W_B	0.803
C7_02030W_B	SPBC776.03	0.544
C7_02030W_B	SPAC25G10.05c	0.556
C7_02030W_B	C2_02030W_A	0.664
C7_02030W_B	YKL182W	0.743
YMR186W	YOL109W	0.654
YMR186W	YLR061W	0.638
YMR186W	C6_00870C_A	0.838
SPAC926.04c	C7_02570C_A	0.557
SPAC926.04c	SPAC6G9.09c	0.769
SPAC926.04c	SPBC16D10.08c	0.771
YMR186W	SPBC18H10.04c	0.685
SPAC926.04c	CR_04660C_A	0.523
SPAC926.04c	YGR094W	0.516
YPL240C	SPBC9B6.10	0.829
YMR186W	SPBC12C2.04	0.593
C7_02030W_B	YOR027W	0.517
SPAC926.04c	SPCC1919.09	0.642
C7_02030W_B	CR_05790C_A	0.549
SPAC926.04c	SPCC613.05c	0.785
YMR186W	C2_03100W_A	0.719
C7_02030W_B	SPBC428.11	0.707
SPAC926.04c	YKL182W	0.713
SPAC926.04c	SPAC17C9.03	0.579
YMR186W	YPL154C	0.531
SPAC926.04c	YDR251W	0.533
YMR186W	YDR353W	0.726
YMR186W	SPBC365.06	0.682
SPAC926.04c	YNL079C	0.752
C7_02030W_B	SPBC405.07	0.791
C7_02030W_B	YJL136C	0.534
C7_02030W_B	YGL031C	0.761
SPAC926.04c	YJR104C	0.622
C7_02030W_B	YPL131W	0.73
YMR186W	YJR123W	0.515
YPL240C	YHR174W	0.523
C7_02030W_B	C4_07180W_A	0.592
SPAC926.04c	SPBP4G3.02	0.586
YMR186W	C4_01840C_B	0.52
YMR186W	C4_01900C_A	0.568
YOR027W	C1_03370W_B	0.596
YMR186W	SPCC16C4.10	0.606
YPL240C	SPBC8D2.18c	0.518
C7_02030W_B	C7_00750W_B	0.536
YMR186W	SPAC6F12.13c	0.53
YMR186W	C2_08590W_A	0.641
SPAC926.04c	YIL138C	0.709
YOR027W	SPAC3A12.10	0.577
SPAC926.04c	C4_04900W_B	0.798
C7_02030W_B	CR_04550W_B	0.686
C7_02030W_B	SPBC23G7.15c	0.776
SPAC926.04c	CR_07400C_B	0.728
SPAC926.04c	SPAC9.09	0.773
C7_02030W_B	YLR044C	0.755
C7_02030W_B	YER165W	0.646
C7_02030W_B	SPCC576.03c	0.845
YPL240C	YBR169C	0.65
C7_02030W_B	SPAC23A1.10	0.746
C7_02030W_B	SPAC3A12.14	0.746
YMR186W	SPBC1709.02c	0.513
SPAC926.04c	CR_08360C_A	0.805
YMR186W	C7_00750W_B	0.561
SPAC926.04c	SPBC1815.01	0.723
YMR186W	YGL030W	0.698
SPAC926.04c	SPAC4H3.10c	0.619
C7_02030W_B	C1_04290C_B	0.832
YMR186W	YBR196C	0.524
SPAC926.04c	C3_05200W_B	0.832
SPAC926.04c	C1_02590C_B	0.702
YMR186W	SPAC4H3.10c	0.62
C7_02030W_B	SPAC1565.08	0.747
C7_02030W_B	SPCC1682.14	0.593
C7_02030W_B	SPBC365.03c	0.518
SPAC926.04c	SPAC19B12.02c	0.509
C7_02030W_B	SPCC31H12.03c	0.577
YMR186W	YLR429W	0.602
YMR186W	SPBC1815.01	0.656
YOR027W	C1_04610W_B	0.546
C7_02030W_B	CR_07400C_B	0.774
YPL240C	YMR186W	0.648
SPAC926.04c	YHR008C	0.64
SPAC926.04c	C4_06050W_A	0.503
SPAC926.04c	SPAC20G4.06c	0.669
C7_02030W_B	C2_07260C_B	0.671
YMR186W	YDL229W	0.775
SPAC926.04c	SPAC13G6.07c	0.731
YMR186W	YGR157W	0.649
C7_02030W_B	SPBC18H10.04c	0.763
C7_02030W_B	SPCC1919.09	0.689
SPAC926.04c	YML028W	0.655
C7_02030W_B	YOL127W	0.754
SPAC926.04c	SPAC513.07	0.527
YMR186W	YML028W	0.773
YMR186W	SPBP8B7.03c	0.535
C7_02030W_B	SPBC215.09c	0.681
C7_02030W_B	SPBP19A11.01	0.501
YMR186W	SPBC1105.02c	0.652
YOR027W	C2_07380W_B	0.634
C7_02030W_B	SPAC18G6.14c	0.75
YOR027W	SPAC4A8.11c	0.517
YMR186W	C3_02470C_B	0.655
SPAC926.04c	SPAC26A3.07c	0.737
C7_02030W_B	C2_03010C_A	0.7
YMR186W	YMR038C	0.784
YMR186W	C2_02030W_A	0.557
YMR186W	YLR107W	0.541
SPAC926.04c	YKL085W	0.629
YMR186W	C6_04380W_B	0.514
SPAC926.04c	SPBC18H10.12c	0.713
C7_02030W_B	C2_03270W_A	0.782
YMR186W	SPAC30.01c	0.511
C7_02030W_B	YBL075C	0.833
YPL240C	SPAC12G12.04	0.849
SPAC926.04c	SPAP8A3.07c	0.532
YMR186W	SPAC3A11.05c	0.522
C7_02030W_B	SPAC6B12.15	0.729
C7_02030W_B	C1_00170W_A	0.505
C7_02030W_B	SPAC26H5.10c	0.771
YOR027W	YER165W	0.653
YKL117W	C7_00930W_A	0.635
C7_02030W_B	CR_08340W_A	0.552
SPAC926.04c	SPAC750.08c	0.53
C7_02030W_B	C4_07110C_A	0.506
SPAC926.04c	YMR038C	0.741
SPAC926.04c	YPL198W	0.681
C7_02030W_B	CR_00640W_B	0.551
YMR186W	SPBC21B10.10	0.683
YOR027W	C4_00270W_B	0.564
YMR186W	C5_03700C_A	0.525
C7_02030W_B	SPAC11E3.15	0.76
C7_02030W_B	SPAC4F10.14c	0.77
SPAC926.04c	SPAC29B12.04	0.758
YKL117W	SPBC3E7.16c	0.525
YPL240C	C1_04290C_B	0.68
YMR186W	C1_10580C_B	0.504
C7_02030W_B	CR_01620C_A	0.732
C7_02030W_B	SPAC26F1.06	0.587
YOR027W	CR_03060W_B	0.544
SPAC926.04c	SPBC25D12.04	0.597
SPAC926.04c	SPAC637.05c	0.672
SPAC926.04c	YDL082W	0.667
YMR186W	C5_04300C_B	0.531
SPAC926.04c	SPAC22A12.11	0.676
SPAC926.04c	SPBC354.12	0.797
C7_02030W_B	C1_14020W_B	0.528
SPAC926.04c	SPBC32F12.11	0.736
YMR186W	SPBC1921.05	0.656
SPAC926.04c	C1_05560W_B	0.545
YPL240C	SPCC736.15	0.606
YPL240C	C1_13860C_B	0.56
YMR186W	SPCC18.18c	0.519
YPL240C	C3_06010W_A	0.687
C7_02030W_B	YLR061W	0.62
YMR186W	SPAC1006.07	0.532
YMR186W	SPAC1486.06	0.576
SPAC926.04c	C1_01690C_A	0.552
YKL117W	SPAC4F8.07c	0.54
YMR186W	C4_01520C_B	0.695
C7_02030W_B	C1_03370W_B	0.761
SPAC926.04c	C1_07630W_A	0.674
C7_02030W_B	YGL256W	0.587
SPAC926.04c	YKL127W	0.629
C7_02030W_B	SPAC57A10.10c	0.775
YPL240C	SPBC119.10	0.699
SPAC926.04c	YFR053C	0.679
SPAC926.04c	C1_08500C_A	0.743
YMR186W	SPAC13G7.02c	0.824
C7_02030W_B	YFL014W	0.655
YPL240C	C2_03270W_A	0.56
C7_02030W_B	YOR020C	0.658
SPAC926.04c	C3_06180C_A	0.822
YMR186W	CR_08030C_A	0.52
C7_02030W_B	C1_04240C_A	0.761
C7_02030W_B	SPAC3A12.10	0.768
SPAC926.04c	C2_06810C_B	0.69
C7_02030W_B	SPBC16D10.09	0.525
SPAC926.04c	YLR150W	0.627
YMR186W	C4_04900W_B	0.775
C7_02030W_B	YDR304C	0.524
C7_02030W_B	SPAC3C7.14c	0.649
SPAC926.04c	SPBC19C2.07	0.734
YKL117W	C5_00190C_A	0.553
YOR027W	YAL062W	0.672
YMR186W	C3_01500C_B	0.564
YMR186W	YLL050C	0.521
SPAC926.04c	YLR058C	0.658
YOR027W	C6_02040W_B	0.545
C7_02030W_B	YAL005C	0.774
SPAC926.04c	YDR510W	0.731
YOR027W	C4_06570C_B	0.545
C7_02030W_B	YPR069C	0.622
SPAC926.04c	SPBC215.05	0.691
YMR186W	SPAC1F8.07c	0.795
YPL240C	YCR012W	0.583
SPAC926.04c	YCR012W	0.72
SPAC926.04c	C1_14110C_A	0.716
SPAC926.04c	YLR259C	0.675
C7_02030W_B	C3_02110W_A	0.81
YPL240C	SPCPB16A4.03c	0.581
C7_02030W_B	C1_06450C_B	0.762
YMR186W	SPCC962.04	0.657
YMR186W	YLR109W	0.66
YMR186W	C1_14020W_B	0.534
C7_02030W_B	YGR094W	0.569
YKL117W	SPAC1002.19	0.584
YMR186W	YLR028C	0.508
YMR186W	C3_03910W_A	0.75
YMR186W	C2_09060C_B	0.528
YKL117W	SPCC24B10.21	0.505
SPAC926.04c	C1_12490W_B	0.681
SPAC926.04c	YCR088W	0.682
YMR186W	C4_05320W_A	0.559
C7_02030W_B	YHR008C	0.578
SPAC926.04c	YBR127C	0.553
YMR186W	SPAC3F10.04	0.54
SPAC926.04c	C7_01250W_A	0.71
YMR186W	C3_04810C_B	0.566
C7_02030W_B	C1_08500C_A	0.768
SPAC926.04c	YFL014W	0.632
YOR027W	C1_06460C_B	0.6
C7_02030W_B	C5_05410C_A	0.68
C7_02030W_B	YLR303W	0.588
C7_02030W_B	SPAC821.10c	0.621
YPL240C	C2_09430W_B	0.5
SPAC926.04c	C2_08810C_A	0.773
SPAC926.04c	C1_13700W_A	0.729
C7_02030W_B	YGL245W	0.537
YOR027W	SPAC23A1.10	0.591
YMR186W	C2_03010C_A	0.603
YOR027W	SPAC1F12.02c	0.545
YMR186W	C4_00200C_A	0.518
YMR186W	SPBC839.05c	0.573
C7_02030W_B	C4_05220C_B	0.567
YMR186W	YKL126W	0.563
C7_02030W_B	C4_04150C_A	0.546
C7_02030W_B	EC9882	0.558
SPAC926.04c	YBR089C-A	0.707
YOR027W	SPBC16H5.02	0.603
SPAC926.04c	SPBC11C11.07	0.623
YMR186W	CR_00860C_A	0.657
YMR186W	C2_07380W_B	0.822
YPL240C	SPAC1002.19	0.683
C7_02030W_B	YBR109C	0.669
YOR027W	C1_02590C_B	0.679
YMR186W	SPCC622.18	0.792
SPAC926.04c	C3_01490W_B	0.699
C7_02030W_B	YHR174W	0.678
YPL240C	SPCC417.08	0.756
YMR186W	YLR448W	0.572
YMR186W	SPAC3A12.10	0.776
YPL240C	SPBC25H2.07	0.581
YMR186W	YHL015W	0.681
SPAC926.04c	C1_05720W_A	0.659
YMR186W	SPAC23A1.12c	0.563
YMR186W	SPBC25H2.05	0.76
YPL240C	SPCC576.03c	0.788
SPAC926.04c	SPAC694.05c	0.519
YPL240C	YER177W	0.564
C7_02030W_B	YMR205C	0.542
YMR186W	YGL031C	0.696
YMR186W	SPCC338.14	0.509
YOR027W	YBR026C	0.538
C7_02030W_B	YPR052C	0.695
SPAC926.04c	YNL134C	0.578
YMR186W	C5_05410C_A	0.601
YMR186W	YDR251W	0.565
SPAC926.04c	SPCC622.12c	0.575
C7_02030W_B	C5_05050W_A	0.808
C7_02030W_B	YCL043C	0.722
SPAC926.04c	SPBC1105.02c	0.646
C7_02030W_B	YMR303C	0.621
YMR186W	YOL058W	0.522
YMR186W	SPAC23C11.05	0.517
SPAC926.04c	C2_07380W_B	0.746
YMR186W	SPAC513.01c	0.807
SPAC926.04c	YHL033C	0.815
C7_02030W_B	SPAC17A2.13c	0.647
C7_02030W_B	YDR533C	0.634
SPAC926.04c	SPBC839.05c	0.729
YOR027W	YEL030W	0.599
C7_02030W_B	SPAC3H5.05c	0.746
C7_02030W_B	C4_06570C_B	0.718
SPAC926.04c	C3_06870W_A	0.71
YMR186W	SPBC32F12.11	0.584
SPAC926.04c	SPAC11D3.14c	0.519
YPL240C	C5_01580C_B	0.655
SPAC926.04c	C1_03020C_B	0.752
C7_02030W_B	SPCC16C4.10	0.533
YOR027W	YGL105W	0.503
YPL240C	C4_01750C_A	0.681
SPAC926.04c	C3_00090W_A	0.746
YPL240C	YFR031C-A	0.53
YMR186W	SPCC594.01	0.537
YPL240C	C1_04680W_A	0.637
YMR186W	YMR116C	0.632
C7_02030W_B	C1_06900C_B	0.554
SPAC926.04c	C4_02270C_A	0.742
YKL117W	SPAC9E9.11	0.564
YPL240C	C2_03010C_A	0.677
YKL117W	YDR037W	0.751
YPL240C	C1_04660W_A	0.502
YMR186W	YCL043C	0.67
C7_02030W_B	SPCC63.12c	0.712
C7_02030W_B	SPCC576.09	0.788
C7_02030W_B	SPCC613.06	0.503
YMR186W	C1_08060W_A	0.518
C7_02030W_B	YDR385W	0.775
YMR186W	YOR374W	0.575
SPAC926.04c	SPBP8B7.25	0.703
SPAC926.04c	SPAC3A12.14	0.742
SPAC926.04c	YOL154W	0.726
YMR186W	CR_08400C_A	0.508
SPAC926.04c	SPAC1F5.02	0.766
SPAC926.04c	SPAC13C5.01c	0.578
YMR186W	SPBP8B7.06	0.702
C7_02030W_B	SPAC9E9.06c	0.534
SPAC926.04c	YGR087C	0.715
YOR027W	SPAC10F6.01c	0.539
C7_02030W_B	SPAC29A4.02c	0.752
SPAC926.04c	C4_04390W_B	0.677
YMR186W	YCR012W	0.65
C7_02030W_B	YAL038W	0.639
YMR186W	SPBC1773.10c	0.585
C7_02030W_B	YHR179W	0.654
YPL240C	SPBC3B8.03	0.583
YMR186W	YGR155W	0.575
C7_02030W_B	C3_00880W_B	0.642
YMR186W	SPBP8B7.25	0.717
SPAC926.04c	C3_05240C_A	0.757
YOR027W	YJR045C	0.623
YMR186W	YKR039W	0.517
YOR027W	SPCC417.08	0.698
YMR186W	SPBC16G5.08	0.517
SPAC926.04c	C2_02030W_A	0.64
YOR027W	C1_04300C_A	0.582
SPAC926.04c	C1_04400C_A	0.764
C7_02030W_B	YJR139C	0.536
YPL240C	YOL086C	0.612
YMR186W	C4_04150C_A	0.578
YMR186W	SPAC222.12c	0.501
YMR186W	C2_06820C_B	0.522
C7_02030W_B	SPCC1795.04c	0.515
C7_02030W_B	C3_04140C_A	0.77
YMR186W	YLR303W	0.542
C7_02030W_B	C1_03110W_A	0.78
YMR186W	SPACUNK4.16c	0.523
SPAC926.04c	SPAC18G6.14c	0.757
YPL240C	SPAC57A7.12	0.686
SPAC926.04c	SPAP7G5.02c	0.597
YMR186W	C3_07310C_A	0.667
C7_02030W_B	C2_10710W_B	0.531
YKL117W	C1_04300C_A	0.63
C7_02030W_B	YBL027W	0.806
SPAC926.04c	C1_14020W_B	0.502
YMR186W	SPAC1687.06c	0.607
SPAC926.04c	C4_02410C_A	0.867
SPAC926.04c	YDR502C	0.792
SPAC926.04c	YLR354C	0.629
YPL240C	YDR385W	0.619
YPL240C	SPCC622.12c	0.519
C7_02030W_B	C7_00960W_B	0.566
YMR186W	C1_03030W_A	0.73
C7_02030W_B	C1_12390C_A	0.771
C7_02030W_B	SPAC3A12.18	0.516
YMR186W	SPCC736.15	0.677
SPAC926.04c	SPCC13B11.01	0.711
YMR186W	YMR027W	0.559
SPAC926.04c	YER042W	0.591
SPAC926.04c	SPBC2F12.14c	0.706
C7_02030W_B	C4_02340W_B	0.504
C7_02030W_B	YCL030C	0.706
C7_02030W_B	C1_00220W_A	0.664
C7_02030W_B	YDL110C	0.652
SPAC926.04c	SPBC1604.05	0.706
C7_02030W_B	CR_10250C_A	0.526
SPAC926.04c	YLL024C	0.72
C7_02030W_B	C4_02940W_B	0.589
C7_02030W_B	SPCC417.08	0.723
YOR027W	C2_01120W_B	0.567
YMR186W	SPBC1703.07	0.514
YPL240C	YKL142W	0.621
YPL240C	SPCC1739.13	0.751
C7_02030W_B	SPBC18H10.12c	0.781
C7_02030W_B	YBR035C	0.517
SPAC926.04c	YLR340W	0.616
C7_02030W_B	YOL040C	0.734
C7_02030W_B	C2_02970C_B	0.741
C7_02030W_B	YJL167W	0.758
SPAC926.04c	YNL239W	0.625
C7_02030W_B	CR_08460W_B	0.813
YMR186W	YPL011C	0.504
C7_02030W_B	YPL240C	0.629
YPL240C	YBL027W	0.516
C7_02030W_B	C4_04890C_B	0.788
SPAC926.04c	YHR193C	0.735
C7_02030W_B	CR_10840C_B	0.503
SPAC926.04c	SPBC17A3.07	0.505
YPL240C	SPAC24C9.12c	0.595
C7_02030W_B	SPAC9.09	0.745
SPAC926.04c	SPBC56F2.12	0.742
YMR186W	YFR053C	0.596
SPAC926.04c	SPAC27E2.03c	0.509
SPAC926.04c	SPBC24C6.04	0.651
YPL240C	SPAC57A7.04c	0.604
YMR186W	YJL115W	0.551
YMR186W	YNL079C	0.717
YOR027W	C2_04310W_A	0.593
SPAC926.04c	C1_04170C_B	0.731
YMR186W	SPAC1B3.06c	0.566
YMR186W	YCR004C	0.605
C7_02030W_B	SPBC1815.01	0.728
SPAC926.04c	SPBC16C6.11	0.737
C7_02030W_B	EC9965	0.593
YPL240C	C6_04540C_A	0.538
YMR186W	SPAC22E12.07	0.537
SPAC926.04c	YDL124W	0.527
C7_02030W_B	SPAC644.15	0.551
C7_02030W_B	YKL060C	0.777
SPAC926.04c	CR_04550W_B	0.685
YMR186W	SPAC13G6.07c	0.688
C7_02030W_B	C4_02870C_A	0.831
C7_02030W_B	C4_00200C_A	0.683
YMR186W	SPBC106.18	0.728
SPAC926.04c	YJL138C	0.716
YKL117W	YCL050C	0.588
YMR186W	YLR027C	0.632
YMR186W	YPL231W	0.631
YMR186W	SPCC757.07c	0.551
SPAC926.04c	SPAC13G7.02c	0.694
YPL240C	YCL043C	0.729
YOR027W	YGR282C	0.533
C7_02030W_B	YDR382W	0.806
YMR186W	C1_07630W_A	0.626
YMR186W	SPAC105.02c	0.521
YPL240C	C2_06810C_B	0.516
SPAC926.04c	C5_03070W_A	0.789
SPAC926.04c	SPAC22A12.04c	0.736
SPAC926.04c	YJR105W	0.534
SPAC926.04c	CR_10250C_A	0.513
SPAC926.04c	YDR155C	0.627
YPL240C	SPCC622.18	0.584
YKL117W	SPCC576.03c	0.556
YMR186W	C5_00370W_A	0.516
YMR186W	C1_06420C_A	0.549
YMR186W	C4_00160C_A	0.516
YPL240C	CR_00860C_A	0.569
SPAC926.04c	SPAC10F6.13c	0.665
SPAC926.04c	YDL185W	0.651
C7_02030W_B	CR_00510C_B	0.521
C7_02030W_B	SPBC1778.06c	0.548
YMR186W	C1_10790W_A	0.728
YMR186W	C4_01270W_A	0.77
YMR186W	C3_05200W_B	0.706
SPAC926.04c	C6_00650C_A	0.735
C7_02030W_B	SPBC21B10.10	0.737
C7_02030W_B	SPAC13G7.02c	0.766
C7_02030W_B	SPAC3H5.12c	0.704
SPAC926.04c	YGR180C	0.561
C7_02030W_B	YLR249W	0.739
YMR186W	SPBC16D10.09	0.51
YPL240C	C7_03250C_A	0.61
C7_02030W_B	C5_01820W_B	0.507
C7_02030W_B	YNL014W	0.562
SPAC926.04c	YOL086C	0.756
SPAC926.04c	C5_04270C_B	0.815
SPAC926.04c	C5_03280W_B	0.728
SPAC926.04c	SPAC3C7.14c	0.644
SPAC926.04c	YGL147C	0.761
C7_02030W_B	SPAC11D3.14c	0.584
SPAC926.04c	C7_00930W_A	0.711
YMR186W	C1_13700W_A	0.573
SPAC926.04c	SPCC736.15	0.725
C7_02030W_B	C5_01580C_B	0.765
YMR186W	CR_07080W_A	0.624
SPAC926.04c	YLR355C	0.662
C7_02030W_B	CR_10670W_B	0.645
SPAC926.04c	C7_03920C_B	0.6
YOR027W	YGR094W	0.629
YKL117W	C2_07380W_B	0.546
SPAC926.04c	YMR120C	0.513
YMR186W	YER103W	0.847
SPAC926.04c	SPBC83.02c	0.661
YOR027W	SPCC794.12c	0.528
SPAC926.04c	YLR109W	0.865
C7_02030W_B	SPAC4H3.10c	0.62
YKL117W	C4_01750C_A	0.603
C7_02030W_B	CR_06760C_A	0.805
C7_02030W_B	SPAC26F1.07	0.652
YMR186W	YGR192C	0.681
YMR186W	C3_04960W_B	0.622
YOR027W	SPCC1739.13	0.548
SPAC926.04c	CR_06490C_A	0.7
SPAC926.04c	C2_04230W_A	0.631
C7_02030W_B	C4_04700W_A	0.747
C7_02030W_B	C1_11650W_A	0.807
C7_02030W_B	C3_04810C_B	0.636
C7_02030W_B	SPAC1006.07	0.655
C7_02030W_B	C3_04960W_B	0.675
SPAC926.04c	SPBC660.16	0.595
SPAC926.04c	CR_08090W_B	0.809
SPAC926.04c	C3_01630W_A	0.753
SPAC926.04c	SPBC2G5.05	0.64
C7_02030W_B	SPBC16D10.08c	0.725
YOR027W	SPBP4G3.02	0.596
C7_02030W_B	CR_05160C_A	0.554
SPAC926.04c	C6_00870C_A	0.822
YMR186W	SPAC29A4.02c	0.733
SPAC926.04c	CR_08460W_B	0.794
SPAC926.04c	YPR074C	0.619
SPAC926.04c	YBR109C	0.674
SPAC926.04c	C1_13050W_A	0.811
YPL240C	SPAC664.11	0.808
C7_02030W_B	SPAC22A12.16	0.542
SPAC926.04c	SPAC9E9.06c	0.503
C7_02030W_B	C5_04590C_A	0.5
YOR027W	SPCC1450.04	0.513
YPL240C	C5_00190C_A	0.717
SPAC926.04c	C7_02810W_A	0.651
SPAC926.04c	C2_07400C_B	0.618
YPL240C	SPCC1450.04	0.718
YMR186W	C6_03760C_B	0.508
SPAC926.04c	YBR196C	0.532
YOR027W	C3_02170C_B	0.582
YMR186W	SPAC3G9.06	0.553
YMR186W	YPL160W	0.538
SPAC926.04c	SPBC27.08c	0.761
C7_02030W_B	C2_06810C_B	0.786
YMR186W	C2_00960C_A	0.565
YMR186W	SPAC4F8.07c	0.697
YMR186W	YKL103C	0.501
YMR186W	YJL167W	0.731
YMR186W	SPCC364.07	0.711
SPAC926.04c	C1_06450C_B	0.746
YMR186W	SPBC1685.02c	0.739
SPAC926.04c	CR_00860C_A	0.705
YPL240C	YLL026W	0.689
YMR186W	YPL171C	0.636
SPAC926.04c	YGR157W	0.512
YMR186W	SPAC110.04c	0.759
YPL240C	SPAC1F8.07c	0.782
SPAC926.04c	SPCC31H12.04c	0.719
YMR186W	C1_03110W_A	0.778
SPAC926.04c	SPBC16D10.11c	0.731
C7_02030W_B	C4_04390W_B	0.772
YPL240C	YBR089C-A	0.583
C7_02030W_B	CR_00860C_A	0.719
SPAC926.04c	SPAC10F6.06	0.671
YOR027W	SPAC13G7.02c	0.509
YOR027W	YHR008C	0.504
C7_02030W_B	C2_06730W_A	0.768
YMR186W	CR_03500W_B	0.56
C7_02030W_B	C1_14290C_B	0.711
C7_02030W_B	SPAC26A3.07c	0.734
C7_02030W_B	C1_14110C_A	0.754
YOR027W	C3_02470C_B	0.684
YMR186W	C6_01610W_B	0.736
SPAC926.04c	C1_00920W_A	0.501
C7_02030W_B	C3_06180C_A	0.852
SPAC926.04c	YPR069C	0.639
YKL117W	SPAC1F8.07c	0.681
SPAC926.04c	SPBC405.07	0.763
SPAC926.04c	SPAC328.03	0.544
YOR027W	SPBC1778.06c	0.66
SPAC926.04c	YKL117W	0.67
C7_02030W_B	SPBP8B7.03c	0.746
SPAC926.04c	YNL015W	0.559
YMR186W	C2_10030C_A	0.504
YKL117W	YLL024C	0.663
SPAC926.04c	SPBP8B7.03c	0.713
C7_02030W_B	SPCC794.12c	0.538
YOR027W	C4_01520C_B	0.56
SPAC926.04c	YIL026C	0.513
C7_02030W_B	YBR118W	0.786
C7_02030W_B	YLR134W	0.501
YPL240C	C1_03220C_B	0.7
C7_02030W_B	YFR053C	0.606
YOR027W	YAL005C	0.565
SPAC926.04c	SPAC1071.08	0.797
YMR186W	C3_05370C_B	0.675
C7_02030W_B	C1_04170C_B	0.776
YOR027W	C4_06120W_A	0.746
YMR186W	CR_04200W_B	0.504
SPAC926.04c	YMR186W	0.628
C7_02030W_B	YBL072C	0.587
SPAC926.04c	C2_05610C_A	0.74
C7_02030W_B	SPBC3F6.03	0.737
C7_02030W_B	SPAC13C5.01c	0.64
C7_02030W_B	YHR208W	0.634
YKL117W	C1_04610W_B	0.511
SPAC926.04c	C2_01120W_B	0.789
SPAC926.04c	C7_00990W_B	0.697
YMR186W	CR_06760C_A	0.708
C7_02030W_B	SPBC1271.04c	0.718
YOR027W	YDL124W	0.535
SPAC926.04c	SPBC18H10.04c	0.729
C7_02030W_B	YDR226W	0.53
YPL240C	C1_08500C_A	0.7
C7_02030W_B	C2_03080W_B	0.563
YOR027W	C1_06100C_A	0.526
C7_02030W_B	SPAC1F8.07c	0.793
SPAC926.04c	C2_06200C_B	0.668
SPAC926.04c	SPAC821.10c	0.643
YMR186W	SPBP19A11.01	0.5
SPAC926.04c	SPAC3H5.05c	0.723
YOR027W	SPBC215.05	0.584
YMR186W	SPAC9E9.13	0.543
C7_02030W_B	C6_02330W_B	0.508
YOR027W	C1_00180W_A	0.55
SPAC926.04c	SPCC1020.06c	0.608
SPAC926.04c	SPAC11E3.15	0.687
C7_02030W_B	C1_01640W_B	0.782
C7_02030W_B	YGL147C	0.726
YPL240C	SPAC7D4.07c	0.526
YPL240C	YJL052W	0.56
SPAC926.04c	SPAC3H5.12c	0.616
C7_02030W_B	C1_01690C_A	0.557
YKL117W	C4_04100C_B	0.6
YMR186W	C3_07410C_A	0.735
YMR186W	C2_05460W_B	0.747
YPL240C	YMR038C	0.513
SPAC926.04c	C4_01900C_A	0.704
C7_02030W_B	YEL023C	0.721
YMR186W	SPAC23A1.10	0.802
YKL117W	SPCC1739.13	0.669
SPAC926.04c	CR_03170W_B	0.615
YMR186W	SPAC1556.07	0.688
YMR186W	YHL001W	0.742
YMR186W	C1_12390C_A	0.775
YMR186W	YDL082W	0.755
YMR186W	SPAC1F12.07	0.561
C7_02030W_B	SPAC9E9.11	0.545
YMR186W	SPAC343.05	0.503
SPAC926.04c	C1_12390C_A	0.749
YMR186W	CR_10100C_B	0.782
YMR186W	CR_03280W_A	0.55
C7_02030W_B	SPAC12G12.04	0.786
YMR186W	SPAC1F12.02c	0.712
SPAC926.04c	YGR192C	0.701
C7_02030W_B	C5_03070W_A	0.835
YMR186W	C3_07440W_A	0.605
SPAC926.04c	SPBC1685.02c	0.746
C7_02030W_B	SPAC1B3.03c	0.715
YOR027W	C5_01820W_B	0.835
C7_02030W_B	C6_01970C_B	0.76
YPL240C	C5_02380W_B	0.565
YMR186W	C3_00090W_A	0.701
YMR186W	C3_04830C_A	0.621
YMR186W	C2_05610C_A	0.789
YMR186W	SPBC56F2.12	0.671
C7_02030W_B	C2_08370C_B	0.789
C7_02030W_B	SPAC10F6.13c	0.682
SPAC926.04c	YDR382W	0.791
YMR186W	SPCC31H12.04c	0.744
C7_02030W_B	SPAC19B12.02c	0.681
YMR186W	SPBP4G3.02	0.552
YPL240C	SPAC13G7.02c	0.776
C7_02030W_B	SPAC4F10.20	0.585
SPAC926.04c	SPCC622.18	0.779
YMR186W	YKL056C	0.659
YPL240C	C2_03100W_A	0.623
SPAC926.04c	SPBC14F5.04c	0.706
YOR027W	C2_03270W_A	0.709
C7_02030W_B	YCL050C	0.59
YMR186W	C2_09240C_B	0.554
C7_02030W_B	YGL076C	0.648
YPL240C	C1_04300C_B	0.522
C7_02030W_B	SPCC736.15	0.77
YKL117W	SPBC119.10	0.56
C7_02030W_B	C2_05410W_B	0.611
C7_02030W_B	SPAC22A12.04c	0.786
C7_02030W_B	YBR127C	0.57
YMR186W	YFR033C	0.602
SPAC926.04c	YPL240C	0.667
YPL240C	YLR061W	0.838
C7_02030W_B	YPL154C	0.596
C7_02030W_B	YHR064C	0.746
C7_02030W_B	C1_14090W_A	0.679
SPAC926.04c	C3_07150C_B	0.808
C7_02030W_B	C2_00960C_A	0.568
C7_02030W_B	SPAC9E9.09c	0.665
YMR186W	SPBC21B10.08c	0.515
YKL117W	YLR429W	0.689
YMR186W	YKL117W	0.557
C7_02030W_B	SPBC2F12.14c	0.681
YPL240C	YML028W	0.678
YMR186W	YDR258C	0.513
YOR027W	SPBC405.01	0.574
YMR186W	SPCC645.08c	0.75
SPAC926.04c	YHL001W	0.72
SPAC926.04c	SPAC4A8.11c	0.742
C7_02030W_B	SPAC10F6.06	0.69
YMR186W	SPAC18G6.14c	0.696
C7_02030W_B	C7_02810W_A	0.74
C7_02030W_B	YLR355C	0.656
YOR027W	SPAC12G12.04	0.51
C7_02030W_B	SPAC513.01c	0.77
YMR186W	C4_05010W_A	0.611
YMR186W	SPAC11D3.04c	0.552
SPAC926.04c	C4_01270W_A	0.685
SPAC926.04c	CR_00640W_B	0.7
C7_02030W_B	YMR116C	0.737
SPAC926.04c	YHR203C	0.672
SPAC926.04c	YPR052C	0.708
SPAC926.04c	SPAC22A12.15c	0.801
YPL240C	SPBC106.18	0.537
SPAC926.04c	YAL005C	0.749
C7_02030W_B	SPAC31G5.03	0.759
YMR186W	C6_04250W_A	0.507
SPAC926.04c	C1_09630W_B	0.522
YKL117W	C4_00270W_B	0.616
YMR186W	YBL027W	0.783
SPAC926.04c	SPCC645.08c	0.793
C7_02030W_B	C3_02470C_B	0.814
SPAC926.04c	SPBC1773.10c	0.692
YMR186W	YMR242C	0.664
C7_02030W_B	SPBC660.16	0.555
SPAC926.04c	SPAC6F6.07c	0.705
C7_02030W_B	CR_06340C_A	0.528
C7_02030W_B	SPBC215.05	0.589
SPAC926.04c	YLR369W	0.683
YMR186W	YOR369C	0.656
YMR186W	SPCC576.03c	0.748
C7_02030W_B	SPAC17A5.15c	0.578
SPAC926.04c	SPCC645.14c	0.746
YMR186W	SPBC1773.04	0.543
SPAC926.04c	C3_02470C_B	0.763
YMR186W	C5_01580C_B	0.775
C7_02030W_B	SPBC30D10.05c	0.511
C7_02030W_B	SPAC1A6.04c	0.518
C7_02030W_B	C2_09060C_B	0.535
YMR186W	YJR010W	0.695
YMR186W	C1_00920W_A	0.543
SPAC926.04c	EC9964	0.654
YKL117W	SPAC926.04c	0.669
SPAC926.04c	C6_03760C_B	0.669
C7_02030W_B	C2_06200C_B	0.647
C7_02030W_B	C5_00190C_A	0.774
C7_02030W_B	C3_04830C_A	0.817
SPAC926.04c	C4_01700C_B	0.794
YMR186W	SPAC10F6.06	0.694
SPAC926.04c	YCL043C	0.69
SPAC926.04c	YJR010W	0.774
YMR186W	SPAC1A6.04c	0.535
YMR186W	C1_04170C_B	0.683
YMR186W	C5_03280W_A	0.522
YPL240C	SPAC13G6.10c	0.703
C7_02030W_B	YBR169C	0.747
SPAC926.04c	C1_02480W_A	0.735
C7_02030W_B	SPAC664.11	0.763
SPAC926.04c	SPAC23G3.12c	0.562
SPAC926.04c	C5_01520C_B	0.525
C7_02030W_B	SPBC16H5.02	0.745
SPAC926.04c	YDL022W	0.527
SPAC926.04c	SPBC11G11.03	0.547
SPAC926.04c	C4_06120W_A	0.714
SPAC926.04c	YDR487C	0.534
SPAC926.04c	EC9930	0.565
C7_02030W_B	C3_04500C_A	0.735
SPAC926.04c	SPCC576.03c	0.73
YOR027W	C4_02270C_A	0.568
C7_02030W_B	C1_04680W_A	0.757
SPAC926.04c	SPBC106.18	0.774
YMR186W	SPBC16G5.05c	0.552
C7_02030W_B	YJR045C	0.814
YKL117W	YGR254W	0.546
YMR186W	C2_06640C_A	0.581
C7_02030W_B	YJL020C	0.569
YMR186W	C6_00650C_A	0.559
SPAC926.04c	YKL142W	0.714
YPL240C	SPBC336.10c	0.587
SPAC926.04c	YJL020C	0.57
YPL240C	YMR250W	0.504
YPL240C	C2_08370C_B	0.784
C7_02030W_B	CR_06750C_A	0.576
SPAC926.04c	SPAC10F6.01c	0.711
SPAC926.04c	C6_00750C_A	0.728
YMR186W	C2_02970C_B	0.544
C7_02030W_B	SPBC1709.05	0.78
YMR186W	SPBC8D2.18c	0.735
C7_02030W_B	SPAC1F12.02c	0.788
YMR186W	C6_03080C_A	0.687
YMR186W	C4_06120W_A	0.575
SPAC926.04c	CR_07080W_A	0.706
SPAC926.04c	YDL110C	0.617
C7_02030W_B	SPBC4.06	0.579
C7_02030W_B	YML078W	0.553
SPAC926.04c	SPAC6B12.15	0.784
YMR186W	YAL062W	0.52
YOR027W	CR_08460W_B	0.501
YPL240C	C3_04830C_A	0.691
YMR186W	YAL038W	0.607
YKL117W	YBR072W	0.532
SPAC926.04c	C4_02870C_A	0.77
C7_02030W_B	YEL034W	0.804
C7_02030W_B	SPAC3H5.07	0.797
YMR186W	C5_02110W_A	0.662
YOR027W	SPAC11E3.15	0.556
YMR186W	SPAC17A5.15c	0.695
C7_02030W_B	SPAC664.05	0.8
C7_02030W_B	C1_00180W_A	0.594
SPAC926.04c	YBR031W	0.608
C7_02030W_B	SPBC1711.06	0.76
C7_02030W_B	SPAC110.04c	0.666
SPAC926.04c	YJL153C	0.548
YPL240C	SPAC664.05	0.506
C7_02030W_B	YER103W	0.873
YMR186W	SPCPB16A4.03c	0.636
YMR186W	SPCC645.14c	0.587
YPL240C	SPBC776.11	0.606
C7_02030W_B	C4_01750C_A	0.76
SPAC926.04c	SPBC1709.05	0.749
SPAC926.04c	SPAC1002.17c	0.613
YPL240C	C4_01700C_B	0.501
YKL117W	SPAC3H1.07	0.526
SPAC926.04c	C2_04310W_A	0.51
SPAC926.04c	YAL038W	0.685
YPL240C	CR_07080W_A	0.515
SPAC926.04c	SPCC613.06	0.556
SPAC926.04c	SPCC794.12c	0.562
C7_02030W_B	C4_06030W_A	0.71
SPAC926.04c	C2_05460W_B	0.722
YPL240C	YHL033C	0.515
YMR186W	C2_10710W_B	0.549
YPL240C	SPBC32F12.11	0.508
C7_02030W_B	SPBC16C6.08c	0.681
C7_02030W_B	YHR216W	0.531
SPAC926.04c	YGR214W	0.799
YMR186W	YJL153C	0.537
YMR186W	YGR234W	0.604
SPAC926.04c	SPAC3A12.18	0.676
YKL117W	SPAC9E9.09c	0.578
YMR186W	YGR087C	0.65
C7_02030W_B	SPBP8B7.06	0.809
YPL240C	C1_11030W_A	0.607
SPAC926.04c	YOR369C	0.762
SPAC926.04c	C7_03660C_A	0.542
YKL117W	YKL060C	0.515
C7_02030W_B	C3_07410C_A	0.807
SPAC926.04c	YDR129C	0.595
C7_02030W_B	EC9964	0.728
SPAC926.04c	SPAC664.05	0.781
SPAC926.04c	C1_00180W_A	0.73
C7_02030W_B	C2_04030C_A	0.665
YKL117W	C1_04300C_B	0.678
C7_02030W_B	SPAC57A7.12	0.744
SPAC926.04c	SPAC23A1.10	0.713
C7_02030W_B	C1_12030W_B	0.752
SPAC926.04c	YBL075C	0.767
YOR027W	YFL014W	0.551
YMR186W	C1_04300C_A	0.783
YMR186W	C7_03930C_B	0.558
YPL240C	SPAC8E11.02c	0.615
YPL240C	YKL060C	0.667
SPAC926.04c	EC9968	0.575
SPAC926.04c	YKL054C	0.714
SPAC926.04c	C1_11330C_A	0.709
YMR186W	C2_06200C_B	0.541
YMR186W	SPAC22A12.15c	0.803
SPAC926.04c	CR_01760C_B	0.558
C7_02030W_B	YER055C	0.507
YOR027W	SPCC576.09	0.716
C7_02030W_B	YNL015W	0.612
SPAC926.04c	CR_01400W_B	0.598
YMR186W	CR_01310W_A	0.532
YMR186W	YNL301C	0.739
YPL240C	YKL007W	0.513
C7_02030W_B	CR_07080W_A	0.727
YMR186W	SPBC24C6.04	0.51
YKL117W	C2_06810C_B	0.614
YKL117W	SPAC4A8.11c	0.753
SPAC926.04c	C2_02520W_A	0.502
SPAC926.04c	CR_07010W_B	0.756
YMR186W	SPAC3H5.05c	0.647
SPAC926.04c	SPAC1687.06c	0.654
SPAC926.04c	C3_04830C_A	0.767
C7_02030W_B	SPAC13G6.10c	0.53
SPAC926.04c	EC9979	0.565
